2017-10-02 01:26:28 +0000  Initial pipeline context: <IDEDistributionProcessingPipelineContext: 0x7ff56c1decd0; archive(resolved)='<IDEArchive: 0x7ff56e815870>', distributionTask(resolved)='2', distributionMethod(resolved)='<IDEDistributionMethodiOSAppStoreExport: 0x7ff553c9e380>', team(resolved)='<IDEProvisioningBasicTeam 0x7ff553e8dd60: teamID: Y8BUAV35Q6, teamName: leif Percifield>'>
	Chain (11, self inclusive):
	<IDEDistributionProcessingPipelineContext: 0x7ff56c1decd0; archive = '<IDEArchive: 0x7ff56e815870>', distributionMethod='<IDEDistributionMethodiOSAppStoreExport: 0x7ff553c9e380>', team='<IDEProvisioningBasicTeam 0x7ff553e8dd60: teamID: Y8BUAV35Q6, teamName: leif Percifield>'>
	<IDEDistributionProcessingPipelineContext: 0x7ff56c703820; archive = '<IDEArchive: 0x7ff56e815870>', distributionMethod='<IDEDistributionMethodiOSAppStoreExport: 0x7ff553c9e380>', team='<IDEProvisioningBasicTeam 0x7ff553e8dd60: teamID: Y8BUAV35Q6, teamName: leif Percifield>'>
	<IDEDistributionContext: 0x7ff56e8e0a60; archive = '<IDEArchive: 0x7ff56e815870>', distributionMethod='<IDEDistributionMethodiOSAppStoreExport: 0x7ff553c9e380>', team='<IDEProvisioningBasicTeam 0x7ff553e8dd60: teamID: Y8BUAV35Q6, teamName: leif Percifield>'>
	<IDEDistributionContext: 0x7ff5551c2f20; archive = '<IDEArchive: 0x7ff56e815870>', distributionMethod='<IDEDistributionMethodiOSAppStoreExport: 0x7ff553c9e380>', team='<IDEProvisioningBasicTeam 0x7ff553e8dd60: teamID: Y8BUAV35Q6, teamName: leif Percifield>'>
	<IDEDistributionContext: 0x7ff56cb84ba0; archive = '<IDEArchive: 0x7ff56e815870>', distributionMethod='<IDEDistributionMethodiOSAppStoreExport: 0x7ff553c9e380>', team='<IDEProvisioningBasicTeam 0x7ff553e8dd60: teamID: Y8BUAV35Q6, teamName: leif Percifield>'>
	<IDEDistributionContext: 0x7ff56b51f060; archive = '<IDEArchive: 0x7ff56e815870>', distributionMethod='<IDEDistributionMethodiOSAppStoreExport: 0x7ff553c9e380>', team='<IDEProvisioningBasicTeam 0x7ff553e8dd60: teamID: Y8BUAV35Q6, teamName: leif Percifield>'>
	<IDEDistributionContext: 0x7ff553fc82a0; archive = '<IDEArchive: 0x7ff56e815870>', distributionMethod='<IDEDistributionMethodiOSAppStoreExport: 0x7ff553c9e380>', team='<IDEProvisioningBasicTeam 0x7ff553e8dd60: teamID: Y8BUAV35Q6, teamName: leif Percifield>'>
	<IDEDistributionContext: 0x7ff5506d2bf0; archive = '<IDEArchive: 0x7ff56e815870>', distributionMethod='<IDEDistributionMethodiOSAppStoreExport: 0x7ff553c9e380>', team='<IDEProvisioningBasicTeam 0x7ff553e8dd60: teamID: Y8BUAV35Q6, teamName: leif Percifield>'>
	<IDEDistributionContext: 0x7ff553f6c2d0; archive = '<IDEArchive: 0x7ff56e815870>', distributionMethod='<IDEDistributionMethodiOSAppStoreExport: 0x7ff553c9e380>', team='<IDEProvisioningBasicTeam 0x7ff553e8dd60: teamID: Y8BUAV35Q6, teamName: leif Percifield>'>
	<IDEDistributionContext: 0x7ff553905770; archive = '<IDEArchive: 0x7ff56e815870>', distributionMethod='<IDEDistributionMethodiOSAppStoreExport: 0x7ff553c9e380>', team='(null)'>
	<IDEDistributionContext: 0x7ff56cbed570; archive = '<IDEArchive: 0x7ff56e815870>', distributionMethod='(null)', team='(null)'>
</IDEDistributionProcessingPipelineContext: 0x7ff56c1decd0>
2017-10-02 01:26:28 +0000  Processing step: IDEDistributionCreateDestRootStep
2017-10-02 01:26:28 +0000  Processing step: IDEDistributionCopyItemStep
2017-10-02 01:26:28 +0000  Running /usr/bin/ditto '-V' '/Users/leifpercifield/Library/Developer/Xcode/Archives/2017-10-01/ohakdev 10-1-17, 9.26 PM.xcarchive/Products/Applications/ohakdev.app' '/var/folders/sl/l64_jn117x5d7nkvbkrl1s9w0000gn/T/XcodeDistPipeline.G2E/Root/Payload/ohakdev.app'
2017-10-02 01:26:28 +0000  >>> Copying /Users/leifpercifield/Library/Developer/Xcode/Archives/2017-10-01/ohakdev 10-1-17, 9.26 PM.xcarchive/Products/Applications/ohakdev.app 
2017-10-02 01:26:28 +0000  copying file ./_CodeSignature/CodeResources ... 
2017-10-02 01:26:28 +0000  70467 bytes for ./_CodeSignature/CodeResources
2017-10-02 01:26:28 +0000  copying file ./LaunchImage@2x.png ... 
2017-10-02 01:26:28 +0000  58383 bytes for ./LaunchImage@2x.png
copying file ./icon.png ... 
2017-10-02 01:26:28 +0000  4425 bytes for ./icon.png
2017-10-02 01:26:28 +0000  copying file ./icon-76@2x.png ... 
2017-10-02 01:26:28 +0000  14811 bytes for ./icon-76@2x.png
copying file ./MainViewController.nib ... 
2017-10-02 01:26:28 +0000  943 bytes for ./MainViewController.nib
2017-10-02 01:26:28 +0000  copying file ./AppIcon57x57.png ... 
2017-10-02 01:26:28 +0000  4425 bytes for ./AppIcon57x57.png
copying file ./icon-40@2x.png ... 
2017-10-02 01:26:28 +0000  6929 bytes for ./icon-40@2x.png
2017-10-02 01:26:28 +0000  copying file ./build-release.xcconfig ... 
2017-10-02 01:26:28 +0000  1031 bytes for ./build-release.xcconfig
2017-10-02 01:26:28 +0000  copying file ./icon-50@2x.png ... 
2017-10-02 01:26:28 +0000  9091 bytes for ./icon-50@2x.png
copying file ./AppIcon29x29.png ... 
2017-10-02 01:26:28 +0000  1935 bytes for ./AppIcon29x29.png
2017-10-02 01:26:28 +0000  copying file ./icon-83.5@2x.png ... 
2017-10-02 01:26:28 +0000  16568 bytes for ./icon-83.5@2x.png
2017-10-02 01:26:28 +0000  copying file ./build.xcconfig ... 
2017-10-02 01:26:28 +0000  1944 bytes for ./build.xcconfig
2017-10-02 01:26:28 +0000  copying file ./icon-small.png ... 
2017-10-02 01:26:28 +0000  1935 bytes for ./icon-small.png
2017-10-02 01:26:28 +0000  copying file ./LaunchImage-568h@2x.png ... 
2017-10-02 01:26:28 +0000  59456 bytes for ./LaunchImage-568h@2x.png
copying file ./icon-60@3x.png ... 
2017-10-02 01:26:28 +0000  18218 bytes for ./icon-60@3x.png
copying file ./ohakdev ... 
2017-10-02 01:26:28 +0000  1552288 bytes for ./ohakdev
2017-10-02 01:26:28 +0000  copying file ./AppIcon60x60@2x.png ... 
2017-10-02 01:26:28 +0000  11193 bytes for ./AppIcon60x60@2x.png
2017-10-02 01:26:28 +0000  copying file ./AppIcon72x72@2x~ipad.png ... 
2017-10-02 01:26:28 +0000  13806 bytes for ./AppIcon72x72@2x~ipad.png
copying file ./icon-76.png ... 
2017-10-02 01:26:28 +0000  6556 bytes for ./icon-76.png
2017-10-02 01:26:28 +0000  copying file ./icon-60.png ... 
2017-10-02 01:26:28 +0000  4793 bytes for ./icon-60.png
2017-10-02 01:26:28 +0000  copying file ./AppIcon29x29@2x.png ... 
2017-10-02 01:26:28 +0000  4581 bytes for ./AppIcon29x29@2x.png
2017-10-02 01:26:28 +0000  copying file ./LaunchImage-800-667h@2x.png ... 
2017-10-02 01:26:28 +0000  76064 bytes for ./LaunchImage-800-667h@2x.png
2017-10-02 01:26:28 +0000  copying file ./LaunchImage-Portrait@2x~ipad.png ... 
2017-10-02 01:26:28 +0000  176373 bytes for ./LaunchImage-Portrait@2x~ipad.png
copying file ./AppIcon40x40@3x.png ... 
2017-10-02 01:26:28 +0000  11193 bytes for ./AppIcon40x40@3x.png
copying file ./AppIcon57x57@2x.png ... 
2017-10-02 01:26:28 +0000  10530 bytes for ./AppIcon57x57@2x.png
copying file ./AppIcon29x29~ipad.png ... 
2017-10-02 01:26:28 +0000  1935 bytes for ./AppIcon29x29~ipad.png
2017-10-02 01:26:28 +0000  copying file ./AppIcon40x40@2x.png ... 
2017-10-02 01:26:28 +0000  6929 bytes for ./AppIcon40x40@2x.png
2017-10-02 01:26:28 +0000  copying file ./LaunchImage-Portrait~ipad.png ... 
2017-10-02 01:26:28 +0000  75952 bytes for ./LaunchImage-Portrait~ipad.png
copying file ./AppIcon29x29@3x.png ... 
2017-10-02 01:26:28 +0000  9082 bytes for ./AppIcon29x29@3x.png
2017-10-02 01:26:28 +0000  copying file ./icon-72.png ... 
2017-10-02 01:26:28 +0000  6182 bytes for ./icon-72.png
2017-10-02 01:26:28 +0000  copying file ./AppIcon60x60@3x.png ... 
2017-10-02 01:26:28 +0000  18218 bytes for ./AppIcon60x60@3x.png
2017-10-02 01:26:28 +0000  copying file ./build-debug.xcconfig ... 
2017-10-02 01:26:28 +0000  971 bytes for ./build-debug.xcconfig
2017-10-02 01:26:28 +0000  copying file ./icon-72@2x.png ... 
2017-10-02 01:26:28 +0000  13806 bytes for ./icon-72@2x.png
copying file ./config.xml ... 
2017-10-02 01:26:28 +0000  5945 bytes for ./config.xml
2017-10-02 01:26:28 +0000  copying file ./www/ui/css/evothings-app.css ... 
2017-10-02 01:26:28 +0000  15599 bytes for ./www/ui/css/evothings-app.css
2017-10-02 01:26:28 +0000  copying file ./www/ui/css/test.css ... 
2017-10-02 01:26:28 +0000  15989 bytes for ./www/ui/css/test.css
2017-10-02 01:26:28 +0000  copying file ./www/ui/images/ohak_icon.svg ... 
2017-10-02 01:26:28 +0000  6217 bytes for ./www/ui/images/ohak_icon.svg
2017-10-02 01:26:28 +0000  copying file ./www/ui/images/arrow-right.svg ... 
2017-10-02 01:26:28 +0000  873 bytes for ./www/ui/images/arrow-right.svg
copying file ./www/ui/images/arrow-left.svg ... 
2017-10-02 01:26:28 +0000  870 bytes for ./www/ui/images/arrow-left.svg
2017-10-02 01:26:28 +0000  copying file ./www/ui/images/logo.svg ... 
2017-10-02 01:26:28 +0000  2737 bytes for ./www/ui/images/logo.svg
copying file ./www/ui/images/menu.svg ... 
2017-10-02 01:26:28 +0000  1556 bytes for ./www/ui/images/menu.svg
2017-10-02 01:26:28 +0000  copying file ./www/ui/fonts/ProximaNova-Black-webfont.ttf ... 
2017-10-02 01:26:28 +0000  28888 bytes for ./www/ui/fonts/ProximaNova-Black-webfont.ttf
2017-10-02 01:26:28 +0000  copying file ./www/ui/fonts/ProximaNova-Reg-webfont.eot ... 
2017-10-02 01:26:28 +0000  13193 bytes for ./www/ui/fonts/ProximaNova-Reg-webfont.eot
2017-10-02 01:26:28 +0000  copying file ./www/ui/fonts/ProximaNova-Black-webfont.eot ... 
2017-10-02 01:26:28 +0000  12174 bytes for ./www/ui/fonts/ProximaNova-Black-webfont.eot
2017-10-02 01:26:28 +0000  copying file ./www/ui/fonts/ProximaNova-Bold-webfont.woff ... 
2017-10-02 01:26:28 +0000  14992 bytes for ./www/ui/fonts/ProximaNova-Bold-webfont.woff
2017-10-02 01:26:28 +0000  copying file ./www/ui/fonts/ProximaNova-Bold-webfont.svg ... 
2017-10-02 01:26:28 +0000  36849 bytes for ./www/ui/fonts/ProximaNova-Bold-webfont.svg
2017-10-02 01:26:28 +0000  copying file ./www/ui/fonts/ProximaNova-Reg-webfont.ttf ... 
2017-10-02 01:26:28 +0000  30308 bytes for ./www/ui/fonts/ProximaNova-Reg-webfont.ttf
2017-10-02 01:26:28 +0000  copying file ./www/ui/fonts/ProximaNova-Reg-webfont.woff ... 
2017-10-02 01:26:28 +0000  15008 bytes for ./www/ui/fonts/ProximaNova-Reg-webfont.woff
2017-10-02 01:26:28 +0000  copying file ./www/ui/fonts/ProximaNova-Black-webfont.svg ... 
2017-10-02 01:26:28 +0000  36227 bytes for ./www/ui/fonts/ProximaNova-Black-webfont.svg
2017-10-02 01:26:28 +0000  copying file ./www/ui/fonts/ProximaNova-Bold-webfont.eot ... 
2017-10-02 01:26:28 +0000  13226 bytes for ./www/ui/fonts/ProximaNova-Bold-webfont.eot
2017-10-02 01:26:28 +0000  copying file ./www/ui/fonts/ProximaNova-Black-webfont.woff ... 
2017-10-02 01:26:28 +0000  13924 bytes for ./www/ui/fonts/ProximaNova-Black-webfont.woff
copying file ./www/ui/fonts/ProximaNova-Reg-webfont.svg ... 
2017-10-02 01:26:28 +0000  37310 bytes for ./www/ui/fonts/ProximaNova-Reg-webfont.svg
2017-10-02 01:26:28 +0000  copying file ./www/ui/fonts/ProximaNova.css ... 
2017-10-02 01:26:28 +0000  1942 bytes for ./www/ui/fonts/ProximaNova.css
copying file ./www/ui/fonts/ProximaNova-Bold-webfont.ttf ... 
2017-10-02 01:26:28 +0000  30280 bytes for ./www/ui/fonts/ProximaNova-Bold-webfont.ttf
2017-10-02 01:26:28 +0000  copying file ./www/res/promo-graphic-180x120.png ... 
2017-10-02 01:26:28 +0000  10010 bytes for ./www/res/promo-graphic-180x120.png
2017-10-02 01:26:28 +0000  copying file ./www/res/icon-512x512.png ... 
2017-10-02 01:26:28 +0000  15924 bytes for ./www/res/icon-512x512.png
2017-10-02 01:26:28 +0000  copying file ./www/res/screenshot1.png ... 
2017-10-02 01:26:28 +0000  29209 bytes for ./www/res/screenshot1.png
2017-10-02 01:26:28 +0000  copying file ./www/res/screenshot2.png ... 
2017-10-02 01:26:28 +0000  29209 bytes for ./www/res/screenshot2.png
2017-10-02 01:26:28 +0000  copying file ./www/res/feature-graphic-1024x500.png ... 
2017-10-02 01:26:28 +0000  62011 bytes for ./www/res/feature-graphic-1024x500.png
2017-10-02 01:26:28 +0000  copying file ./www/index.html ... 
2017-10-02 01:26:28 +0000  12860 bytes for ./www/index.html
2017-10-02 01:26:28 +0000  copying file ./www/cordova.js ... 
2017-10-02 01:26:28 +0000  59947 bytes for ./www/cordova.js
2017-10-02 01:26:28 +0000  copying file ./www/plugins/cordova-plugin-file/www/requestFileSystem.js ... 
2017-10-02 01:26:28 +0000  3221 bytes for ./www/plugins/cordova-plugin-file/www/requestFileSystem.js
2017-10-02 01:26:28 +0000  copying file ./www/plugins/cordova-plugin-file/www/DirectoryEntry.js ... 
2017-10-02 01:26:28 +0000  4671 bytes for ./www/plugins/cordova-plugin-file/www/DirectoryEntry.js
2017-10-02 01:26:28 +0000  copying file ./www/plugins/cordova-plugin-file/www/FileSystem.js ... 
2017-10-02 01:26:28 +0000  1956 bytes for ./www/plugins/cordova-plugin-file/www/FileSystem.js
copying file ./www/plugins/cordova-plugin-file/www/Flags.js ... 
2017-10-02 01:26:28 +0000  1335 bytes for ./www/plugins/cordova-plugin-file/www/Flags.js
2017-10-02 01:26:28 +0000  copying file ./www/plugins/cordova-plugin-file/www/fileSystemPaths.js ... 
2017-10-02 01:26:28 +0000  2547 bytes for ./www/plugins/cordova-plugin-file/www/fileSystemPaths.js
2017-10-02 01:26:28 +0000  copying file ./www/plugins/cordova-plugin-file/www/FileEntry.js ... 
2017-10-02 01:26:28 +0000  3418 bytes for ./www/plugins/cordova-plugin-file/www/FileEntry.js
copying file ./www/plugins/cordova-plugin-file/www/fileSystems.js ... 
2017-10-02 01:26:28 +0000  1046 bytes for ./www/plugins/cordova-plugin-file/www/fileSystems.js
2017-10-02 01:26:28 +0000  copying file ./www/plugins/cordova-plugin-file/www/DirectoryReader.js ... 
2017-10-02 01:26:28 +0000  2729 bytes for ./www/plugins/cordova-plugin-file/www/DirectoryReader.js
copying file ./www/plugins/cordova-plugin-file/www/Metadata.js ... 
2017-10-02 01:26:28 +0000  1485 bytes for ./www/plugins/cordova-plugin-file/www/Metadata.js
2017-10-02 01:26:28 +0000  copying file ./www/plugins/cordova-plugin-file/www/ios/FileSystem.js ... 
2017-10-02 01:26:28 +0000  1184 bytes for ./www/plugins/cordova-plugin-file/www/ios/FileSystem.js
2017-10-02 01:26:28 +0000  copying file ./www/plugins/cordova-plugin-file/www/browser/isChrome.js ... 
2017-10-02 01:26:28 +0000  1232 bytes for ./www/plugins/cordova-plugin-file/www/browser/isChrome.js
2017-10-02 01:26:28 +0000  copying file ./www/plugins/cordova-plugin-file/www/LocalFileSystem.js ... 
2017-10-02 01:26:28 +0000  957 bytes for ./www/plugins/cordova-plugin-file/www/LocalFileSystem.js
2017-10-02 01:26:28 +0000  copying file ./www/plugins/cordova-plugin-file/www/FileReader.js ... 
2017-10-02 01:26:28 +0000  10431 bytes for ./www/plugins/cordova-plugin-file/www/FileReader.js
2017-10-02 01:26:28 +0000  copying file ./www/plugins/cordova-plugin-file/www/fileSystems-roots.js ... 
2017-10-02 01:26:28 +0000  1597 bytes for ./www/plugins/cordova-plugin-file/www/fileSystems-roots.js
2017-10-02 01:26:28 +0000  copying file ./www/plugins/cordova-plugin-file/www/FileUploadOptions.js ... 
2017-10-02 01:26:28 +0000  1830 bytes for ./www/plugins/cordova-plugin-file/www/FileUploadOptions.js
2017-10-02 01:26:28 +0000  copying file ./www/plugins/cordova-plugin-file/www/FileWriter.js ... 
2017-10-02 01:26:28 +0000  10427 bytes for ./www/plugins/cordova-plugin-file/www/FileWriter.js
2017-10-02 01:26:28 +0000  copying file ./www/plugins/cordova-plugin-file/www/FileError.js ... 
2017-10-02 01:26:28 +0000  1480 bytes for ./www/plugins/cordova-plugin-file/www/FileError.js
2017-10-02 01:26:28 +0000  copying file ./www/plugins/cordova-plugin-file/www/FileUploadResult.js ... 
2017-10-02 01:26:28 +0000  1101 bytes for ./www/plugins/cordova-plugin-file/www/FileUploadResult.js
2017-10-02 01:26:28 +0000  copying file ./www/plugins/cordova-plugin-file/www/ProgressEvent.js ... 
2017-10-02 01:26:28 +0000  2581 bytes for ./www/plugins/cordova-plugin-file/www/ProgressEvent.js
2017-10-02 01:26:28 +0000  copying file ./www/plugins/cordova-plugin-file/www/File.js ... 
2017-10-02 01:26:28 +0000  2712 bytes for ./www/plugins/cordova-plugin-file/www/File.js
2017-10-02 01:26:28 +0000  copying file ./www/plugins/cordova-plugin-file/www/resolveLocalFileSystemURI.js ... 
2017-10-02 01:26:28 +0000  4228 bytes for ./www/plugins/cordova-plugin-file/www/resolveLocalFileSystemURI.js
2017-10-02 01:26:28 +0000  copying file ./www/plugins/cordova-plugin-file/www/Entry.js ... 
2017-10-02 01:26:28 +0000  9933 bytes for ./www/plugins/cordova-plugin-file/www/Entry.js
2017-10-02 01:26:28 +0000  copying file ./www/plugins/cordova-plugin-chrome-apps-system-network/system.network.js ... 
2017-10-02 01:26:28 +0000  458 bytes for ./www/plugins/cordova-plugin-chrome-apps-system-network/system.network.js
2017-10-02 01:26:28 +0000  copying file ./www/plugins/cordova-plugin-inappbrowser/www/inappbrowser.js ... 
2017-10-02 01:26:28 +0000  4417 bytes for ./www/plugins/cordova-plugin-inappbrowser/www/inappbrowser.js
2017-10-02 01:26:28 +0000  copying file ./www/plugins/cordova-plugin-device/www/device.js ... 
2017-10-02 01:26:28 +0000  3062 bytes for ./www/plugins/cordova-plugin-device/www/device.js
2017-10-02 01:26:28 +0000  copying file ./www/plugins/cordova-plugin-geolocation/www/geolocation.js ... 
2017-10-02 01:26:28 +0000  8629 bytes for ./www/plugins/cordova-plugin-geolocation/www/geolocation.js
2017-10-02 01:26:28 +0000  copying file ./www/plugins/cordova-plugin-geolocation/www/PositionError.js ... 
2017-10-02 01:26:28 +0000  1376 bytes for ./www/plugins/cordova-plugin-geolocation/www/PositionError.js
copying file ./www/plugins/cordova-plugin-geolocation/www/Coordinates.js ... 
2017-10-02 01:26:28 +0000  2075 bytes for ./www/plugins/cordova-plugin-geolocation/www/Coordinates.js
2017-10-02 01:26:28 +0000  copying file ./www/plugins/cordova-plugin-geolocation/www/Position.js ... 
2017-10-02 01:26:28 +0000  1358 bytes for ./www/plugins/cordova-plugin-geolocation/www/Position.js
2017-10-02 01:26:28 +0000  copying file ./www/plugins/cordova-plugin-device-orientation/www/CompassError.js ... 
2017-10-02 01:26:28 +0000  1239 bytes for ./www/plugins/cordova-plugin-device-orientation/www/CompassError.js
2017-10-02 01:26:28 +0000  copying file ./www/plugins/cordova-plugin-device-orientation/www/CompassHeading.js ... 
2017-10-02 01:26:28 +0000  1222 bytes for ./www/plugins/cordova-plugin-device-orientation/www/CompassHeading.js
copying file ./www/plugins/cordova-plugin-device-orientation/www/compass.js ... 
2017-10-02 01:26:28 +0000  5111 bytes for ./www/plugins/cordova-plugin-device-orientation/www/compass.js
2017-10-02 01:26:28 +0000  copying file ./www/plugins/cordova-plugin-chrome-apps-sockets-tcp/sockets.tcp.js ... 
2017-10-02 01:26:28 +0000  7258 bytes for ./www/plugins/cordova-plugin-chrome-apps-sockets-tcp/sockets.tcp.js
2017-10-02 01:26:28 +0000  copying file ./www/plugins/cordova-plugin-ble/ble.js ... 
2017-10-02 01:26:28 +0000  63838 bytes for ./www/plugins/cordova-plugin-ble/ble.js
2017-10-02 01:26:28 +0000  copying file ./www/plugins/cordova-plugin-console/www/logger.js ... 
2017-10-02 01:26:28 +0000  10323 bytes for ./www/plugins/cordova-plugin-console/www/logger.js
2017-10-02 01:26:28 +0000  copying file ./www/plugins/cordova-plugin-console/www/console-via-logger.js ... 
2017-10-02 01:26:28 +0000  6896 bytes for ./www/plugins/cordova-plugin-console/www/console-via-logger.js
2017-10-02 01:26:28 +0000  copying file ./www/plugins/cordova-plugin-vibration/www/vibration.js ... 
2017-10-02 01:26:28 +0000  5460 bytes for ./www/plugins/cordova-plugin-vibration/www/vibration.js
2017-10-02 01:26:28 +0000  copying file ./www/plugins/cordova-plugin-chrome-apps-common/events.js ... 
2017-10-02 01:26:28 +0000  1954 bytes for ./www/plugins/cordova-plugin-chrome-apps-common/events.js
2017-10-02 01:26:28 +0000  copying file ./www/plugins/cordova-plugin-chrome-apps-common/errors.js ... 
2017-10-02 01:26:28 +0000  1086 bytes for ./www/plugins/cordova-plugin-chrome-apps-common/errors.js
2017-10-02 01:26:28 +0000  copying file ./www/plugins/cordova-plugin-chrome-apps-common/helpers.js ... 
2017-10-02 01:26:28 +0000  2312 bytes for ./www/plugins/cordova-plugin-chrome-apps-common/helpers.js
copying file ./www/plugins/cordova-plugin-chrome-apps-common/stubs.js ... 
2017-10-02 01:26:28 +0000  477 bytes for ./www/plugins/cordova-plugin-chrome-apps-common/stubs.js
2017-10-02 01:26:28 +0000  copying file ./www/plugins/cordova-plugin-network-information/www/Connection.js ... 
2017-10-02 01:26:28 +0000  1163 bytes for ./www/plugins/cordova-plugin-network-information/www/Connection.js
2017-10-02 01:26:28 +0000  copying file ./www/plugins/cordova-plugin-network-information/www/network.js ... 
2017-10-02 01:26:28 +0000  3360 bytes for ./www/plugins/cordova-plugin-network-information/www/network.js
2017-10-02 01:26:28 +0000  copying file ./www/plugins/cordova-plugin-device-motion/www/Acceleration.js ... 
2017-10-02 01:26:28 +0000  1107 bytes for ./www/plugins/cordova-plugin-device-motion/www/Acceleration.js
copying file ./www/plugins/cordova-plugin-device-motion/www/accelerometer.js ... 
2017-10-02 01:26:28 +0000  6878 bytes for ./www/plugins/cordova-plugin-device-motion/www/accelerometer.js
2017-10-02 01:26:28 +0000  copying file ./www/plugins/cordova-plugin-dialogs/www/notification.js ... 
2017-10-02 01:26:28 +0000  5999 bytes for ./www/plugins/cordova-plugin-dialogs/www/notification.js
2017-10-02 01:26:28 +0000  copying file ./www/plugins/cordova-plugin-chrome-apps-sockets-tcpserver/sockets.tcpServer.js ... 
2017-10-02 01:26:28 +0000  3125 bytes for ./www/plugins/cordova-plugin-chrome-apps-sockets-tcpserver/sockets.tcpServer.js
2017-10-02 01:26:28 +0000  copying file ./www/plugins/cordova-plugin-chrome-apps-sockets-udp/sockets.udp.js ... 
2017-10-02 01:26:28 +0000  6704 bytes for ./www/plugins/cordova-plugin-chrome-apps-sockets-udp/sockets.udp.js
2017-10-02 01:26:28 +0000  copying file ./www/plugins/cordova-plugin-camera/www/CameraPopoverOptions.js ... 
2017-10-02 01:26:28 +0000  2297 bytes for ./www/plugins/cordova-plugin-camera/www/CameraPopoverOptions.js
2017-10-02 01:26:28 +0000  copying file ./www/plugins/cordova-plugin-camera/www/ios/CameraPopoverHandle.js ... 
2017-10-02 01:26:28 +0000  2269 bytes for ./www/plugins/cordova-plugin-camera/www/ios/CameraPopoverHandle.js
2017-10-02 01:26:28 +0000  copying file ./www/plugins/cordova-plugin-camera/www/CameraConstants.js ... 
2017-10-02 01:26:28 +0000  3297 bytes for ./www/plugins/cordova-plugin-camera/www/CameraConstants.js
2017-10-02 01:26:28 +0000  copying file ./www/plugins/cordova-plugin-camera/www/Camera.js ... 
2017-10-02 01:26:28 +0000  8006 bytes for ./www/plugins/cordova-plugin-camera/www/Camera.js
2017-10-02 01:26:28 +0000  copying file ./www/plugins/de.appplant.cordova.plugin.local-notification/www/local-notification.js ... 
2017-10-02 01:26:28 +0000  10291 bytes for ./www/plugins/de.appplant.cordova.plugin.local-notification/www/local-notification.js
copying file ./www/plugins/de.appplant.cordova.plugin.local-notification/www/local-notification-core.js ... 
2017-10-02 01:26:28 +0000  13091 bytes for ./www/plugins/de.appplant.cordova.plugin.local-notification/www/local-notification-core.js
2017-10-02 01:26:28 +0000  copying file ./www/plugins/de.appplant.cordova.plugin.local-notification/www/local-notification-util.js ... 
2017-10-02 01:26:28 +0000  7895 bytes for ./www/plugins/de.appplant.cordova.plugin.local-notification/www/local-notification-util.js
2017-10-02 01:26:28 +0000  copying file ./www/plugins/cordova-plugin-battery-status/www/battery.js ... 
2017-10-02 01:26:28 +0000  4027 bytes for ./www/plugins/cordova-plugin-battery-status/www/battery.js
2017-10-02 01:26:28 +0000  copying file ./www/plugins/cordova-plugin-statusbar/www/statusbar.js ... 
2017-10-02 01:26:28 +0000  3376 bytes for ./www/plugins/cordova-plugin-statusbar/www/statusbar.js
2017-10-02 01:26:28 +0000  copying file ./www/libs/jquery/VERSION ... 
2017-10-02 01:26:28 +0000  20 bytes for ./www/libs/jquery/VERSION
2017-10-02 01:26:28 +0000  copying file ./www/libs/jquery/app-icon.png ... 
2017-10-02 01:26:28 +0000  3379 bytes for ./www/libs/jquery/app-icon.png
2017-10-02 01:26:28 +0000  copying file ./www/libs/jquery/evothings.json ... 
2017-10-02 01:26:28 +0000  391 bytes for ./www/libs/jquery/evothings.json
2017-10-02 01:26:28 +0000  copying file ./www/libs/jquery/version.txt ... 
2017-10-02 01:26:28 +0000  20 bytes for ./www/libs/jquery/version.txt
2017-10-02 01:26:28 +0000  copying file ./www/libs/jquery/jquery.js ... 
2017-10-02 01:26:28 +0000  84245 bytes for ./www/libs/jquery/jquery.js
2017-10-02 01:26:28 +0000  copying file ./www/libs/framework7/css/framework7.ios.colors.css ... 
2017-10-02 01:26:28 +0000  87129 bytes for ./www/libs/framework7/css/framework7.ios.colors.css
2017-10-02 01:26:28 +0000  copying file ./www/libs/framework7/css/my-app.css ... 
2017-10-02 01:26:28 +0000  0 bytes for ./www/libs/framework7/css/my-app.css
copying file ./www/libs/framework7/css/framework7.ios.rtl.css ... 
2017-10-02 01:26:28 +0000  24748 bytes for ./www/libs/framework7/css/framework7.ios.rtl.css
2017-10-02 01:26:28 +0000  copying file ./www/libs/framework7/css/framework7.material.rtl.css ... 
2017-10-02 01:26:28 +0000  39868 bytes for ./www/libs/framework7/css/framework7.material.rtl.css
2017-10-02 01:26:28 +0000  copying file ./www/libs/framework7/css/framework7.ios.rtl.min.css ... 
2017-10-02 01:26:28 +0000  22803 bytes for ./www/libs/framework7/css/framework7.ios.rtl.min.css
2017-10-02 01:26:28 +0000  copying file ./www/libs/framework7/css/framework7.ios.min.css ... 
2017-10-02 01:26:28 +0000  145559 bytes for ./www/libs/framework7/css/framework7.ios.min.css
2017-10-02 01:26:28 +0000  copying file ./www/libs/framework7/css/framework7.material.colors.min.css ... 
2017-10-02 01:26:28 +0000  333827 bytes for ./www/libs/framework7/css/framework7.material.colors.min.css
copying file ./www/libs/framework7/css/framework7.ios.css ... 
2017-10-02 01:26:28 +0000  171276 bytes for ./www/libs/framework7/css/framework7.ios.css
copying file ./www/libs/framework7/css/framework7.ios.colors.min.css ... 
2017-10-02 01:26:28 +0000  81618 bytes for ./www/libs/framework7/css/framework7.ios.colors.min.css
copying file ./www/libs/framework7/css/framework7.material.rtl.min.css ... 
2017-10-02 01:26:28 +0000  38230 bytes for ./www/libs/framework7/css/framework7.material.rtl.min.css
2017-10-02 01:26:28 +0000  copying file ./www/libs/framework7/css/framework7.material.min.css ... 
2017-10-02 01:26:28 +0000  157699 bytes for ./www/libs/framework7/css/framework7.material.min.css
2017-10-02 01:26:28 +0000  copying file ./www/libs/framework7/css/framework7.material.colors.css ... 
2017-10-02 01:26:28 +0000  352870 bytes for ./www/libs/framework7/css/framework7.material.colors.css
2017-10-02 01:26:28 +0000  copying file ./www/libs/framework7/css/framework7.material.css ... 
2017-10-02 01:26:28 +0000  186078 bytes for ./www/libs/framework7/css/framework7.material.css
2017-10-02 01:26:28 +0000  copying file ./www/libs/framework7/js/framework7.min.js.map ... 
2017-10-02 01:26:28 +0000  1141223 bytes for ./www/libs/framework7/js/framework7.min.js.map
copying file ./www/libs/framework7/js/my-app.js ... 
2017-10-02 01:26:28 +0000  1666 bytes for ./www/libs/framework7/js/my-app.js
copying file ./www/libs/framework7/js/framework7.js ... 
2017-10-02 01:26:28 +0000  771745 bytes for ./www/libs/framework7/js/framework7.js
2017-10-02 01:26:28 +0000  copying file ./www/libs/framework7/js/framework7.js.map ... 
2017-10-02 01:26:28 +0000  874678 bytes for ./www/libs/framework7/js/framework7.js.map
2017-10-02 01:26:28 +0000  copying file ./www/libs/framework7/js/framework7.min.js ... 
2017-10-02 01:26:28 +0000  291538 bytes for ./www/libs/framework7/js/framework7.min.js
2017-10-02 01:26:28 +0000  copying file ./www/libs/framework7/img/i-form-settings-material.svg ... 
2017-10-02 01:26:28 +0000  468 bytes for ./www/libs/framework7/img/i-form-settings-material.svg
copying file ./www/libs/framework7/img/i-form-calendar-material.svg ... 
2017-10-02 01:26:28 +0000  300 bytes for ./www/libs/framework7/img/i-form-calendar-material.svg
2017-10-02 01:26:28 +0000  copying file ./www/libs/framework7/img/i-form-password-material.svg ... 
2017-10-02 01:26:28 +0000  410 bytes for ./www/libs/framework7/img/i-form-password-material.svg
copying file ./www/libs/framework7/img/i-form-password-ios.svg ... 
2017-10-02 01:26:28 +0000  1453 bytes for ./www/libs/framework7/img/i-form-password-ios.svg
2017-10-02 01:26:28 +0000  copying file ./www/libs/framework7/img/i-form-name-material.svg ... 
2017-10-02 01:26:28 +0000  410 bytes for ./www/libs/framework7/img/i-form-name-material.svg
copying file ./www/libs/framework7/img/i-form-comment-ios.svg ... 
2017-10-02 01:26:28 +0000  1480 bytes for ./www/libs/framework7/img/i-form-comment-ios.svg
2017-10-02 01:26:28 +0000  copying file ./www/libs/framework7/img/i-form-name-ios.svg ... 
2017-10-02 01:26:28 +0000  1736 bytes for ./www/libs/framework7/img/i-form-name-ios.svg
2017-10-02 01:26:28 +0000  copying file ./www/libs/framework7/img/i-form-url-material.svg ... 
2017-10-02 01:26:28 +0000  973 bytes for ./www/libs/framework7/img/i-form-url-material.svg
copying file ./www/libs/framework7/img/i-form-tel-ios.svg ... 
2017-10-02 01:26:28 +0000  1958 bytes for ./www/libs/framework7/img/i-form-tel-ios.svg
2017-10-02 01:26:28 +0000  copying file ./www/libs/framework7/img/i-form-toggle-ios.svg ... 
2017-10-02 01:26:28 +0000  522 bytes for ./www/libs/framework7/img/i-form-toggle-ios.svg
2017-10-02 01:26:28 +0000  copying file ./www/libs/framework7/img/i-f7-material.png ... 
2017-10-02 01:26:28 +0000  8995 bytes for ./www/libs/framework7/img/i-f7-material.png
2017-10-02 01:26:28 +0000  copying file ./www/libs/framework7/img/i-form-settings-ios.svg ... 
2017-10-02 01:26:28 +0000  1593 bytes for ./www/libs/framework7/img/i-form-settings-ios.svg
copying file ./www/libs/framework7/img/i-form-url-ios.svg ... 
2017-10-02 01:26:28 +0000  5562 bytes for ./www/libs/framework7/img/i-form-url-ios.svg
2017-10-02 01:26:28 +0000  copying file ./www/libs/framework7/img/i-form-gender-material.svg ... 
2017-10-02 01:26:28 +0000  737 bytes for ./www/libs/framework7/img/i-form-gender-material.svg
2017-10-02 01:26:28 +0000  copying file ./www/libs/framework7/img/i-form-calendar-ios.svg ... 
2017-10-02 01:26:28 +0000  1094 bytes for ./www/libs/framework7/img/i-form-calendar-ios.svg
copying file ./www/libs/framework7/img/i-form-tel-material.svg ... 
2017-10-02 01:26:28 +0000  404 bytes for ./www/libs/framework7/img/i-form-tel-material.svg
2017-10-02 01:26:28 +0000  copying file ./www/libs/framework7/img/i-form-comment-material.svg ... 
2017-10-02 01:26:28 +0000  253 bytes for ./www/libs/framework7/img/i-form-comment-material.svg
copying file ./www/libs/framework7/img/i-f7-ios.png ... 
2017-10-02 01:26:28 +0000  7289 bytes for ./www/libs/framework7/img/i-f7-ios.png
2017-10-02 01:26:28 +0000  copying file ./www/libs/framework7/img/i-form-email-ios.svg ... 
2017-10-02 01:26:28 +0000  789 bytes for ./www/libs/framework7/img/i-form-email-ios.svg
2017-10-02 01:26:28 +0000  copying file ./www/libs/framework7/img/i-form-email-material.svg ... 
2017-10-02 01:26:28 +0000  273 bytes for ./www/libs/framework7/img/i-form-email-material.svg
copying file ./www/libs/framework7/img/i-form-toggle-material.svg ... 
2017-10-02 01:26:28 +0000  414 bytes for ./www/libs/framework7/img/i-form-toggle-material.svg
2017-10-02 01:26:28 +0000  copying file ./www/libs/framework7/img/i-form-gender-ios.svg ... 
2017-10-02 01:26:28 +0000  871 bytes for ./www/libs/framework7/img/i-form-gender-ios.svg
2017-10-02 01:26:28 +0000  copying file ./www/libs/framework7/install.js ... 
2017-10-02 01:26:28 +0000  1437 bytes for ./www/libs/framework7/install.js
copying file ./www/libs/framework7/app-icon.png ... 
2017-10-02 01:26:28 +0000  57181 bytes for ./www/libs/framework7/app-icon.png
2017-10-02 01:26:28 +0000  copying file ./www/libs/framework7/evothings.json ... 
2017-10-02 01:26:28 +0000  230 bytes for ./www/libs/framework7/evothings.json
2017-10-02 01:26:28 +0000  copying file ./www/libs/framework7/uninstall.js ... 
2017-10-02 01:26:28 +0000  1181 bytes for ./www/libs/framework7/uninstall.js
2017-10-02 01:26:28 +0000  copying file ./www/libs/evothings/ui/ui.js ... 
2017-10-02 01:26:28 +0000  1024 bytes for ./www/libs/evothings/ui/ui.js
2017-10-02 01:26:28 +0000  copying file ./www/libs/evothings/ui/fastclick.js ... 
2017-10-02 01:26:28 +0000  25965 bytes for ./www/libs/evothings/ui/fastclick.js
2017-10-02 01:26:28 +0000  copying file ./www/libs/evothings/util/util.js ... 
2017-10-02 01:26:28 +0000  6033 bytes for ./www/libs/evothings/util/util.js
2017-10-02 01:26:28 +0000  copying file ./www/libs/evothings/evothings.js ... 
2017-10-02 01:26:28 +0000  6310 bytes for ./www/libs/evothings/evothings.js
2017-10-02 01:26:28 +0000  copying file ./www/libs/evothings/easyble/easyble.js ... 
2017-10-02 01:26:28 +0000  37152 bytes for ./www/libs/evothings/easyble/easyble.js
2017-10-02 01:26:28 +0000  copying file ./www/libs/evothings/rfduinoble/rfduinoble.js ... 
2017-10-02 01:26:28 +0000  6819 bytes for ./www/libs/evothings/rfduinoble/rfduinoble.js
2017-10-02 01:26:28 +0000  copying file ./www/libs/evothings/version-1.2.0 ... 
2017-10-02 01:26:28 +0000  89 bytes for ./www/libs/evothings/version-1.2.0
2017-10-02 01:26:28 +0000  copying file ./www/cordova-js-src/exec.js ... 
2017-10-02 01:26:28 +0000  8651 bytes for ./www/cordova-js-src/exec.js
2017-10-02 01:26:28 +0000  copying file ./www/cordova-js-src/platform.js ... 
2017-10-02 01:26:28 +0000  943 bytes for ./www/cordova-js-src/platform.js
copying file ./www/cordova_plugins.js ... 
2017-10-02 01:26:28 +0000  14710 bytes for ./www/cordova_plugins.js
2017-10-02 01:26:28 +0000  copying file ./www/evothings.json ... 
2017-10-02 01:26:28 +0000  1731 bytes for ./www/evothings.json
2017-10-02 01:26:28 +0000  copying file ./icon-60@2x.png ... 
2017-10-02 01:26:28 +0000  11193 bytes for ./icon-60@2x.png
2017-10-02 01:26:28 +0000  copying file ./archived-expanded-entitlements.xcent ... 
2017-10-02 01:26:28 +0000  374 bytes for ./archived-expanded-entitlements.xcent
copying file ./icon@2x.png ... 
2017-10-02 01:26:28 +0000  10530 bytes for ./icon@2x.png
2017-10-02 01:26:28 +0000  copying file ./LaunchImage-700-Portrait~ipad.png ... 
2017-10-02 01:26:28 +0000  75952 bytes for ./LaunchImage-700-Portrait~ipad.png
copying file ./Assets.car ... 
2017-10-02 01:26:28 +0000  266728 bytes for ./Assets.car
2017-10-02 01:26:28 +0000  copying file ./AppIcon40x40@2x~ipad.png ... 
6929 bytes for ./AppIcon40x40@2x~ipad.png
copying file ./icon-167.png ... 
2017-10-02 01:26:28 +0000  16568 bytes for ./icon-167.png
2017-10-02 01:26:28 +0000  copying file ./AppIcon76x76@2x~ipad.png ... 
2017-10-02 01:26:28 +0000  14811 bytes for ./AppIcon76x76@2x~ipad.png
copying file ./LaunchImage-800-Portrait-736h@3x.png ... 
2017-10-02 01:26:28 +0000  146517 bytes for ./LaunchImage-800-Portrait-736h@3x.png
2017-10-02 01:26:28 +0000  copying file ./icon-40.png ... 
2017-10-02 01:26:28 +0000  2842 bytes for ./icon-40.png
copying file ./icon-50.png ... 
2017-10-02 01:26:28 +0000  3768 bytes for ./icon-50.png
2017-10-02 01:26:28 +0000  copying file ./AppIcon72x72~ipad.png ... 
2017-10-02 01:26:28 +0000  6182 bytes for ./AppIcon72x72~ipad.png
copying file ./LaunchImage-700@2x.png ... 
2017-10-02 01:26:28 +0000  58383 bytes for ./LaunchImage-700@2x.png
2017-10-02 01:26:28 +0000  copying file ./LaunchImage-700-568h@2x.png ... 
2017-10-02 01:26:28 +0000  59456 bytes for ./LaunchImage-700-568h@2x.png
2017-10-02 01:26:28 +0000  copying file ./CDVNotification.bundle/beep.wav ... 
2017-10-02 01:26:28 +0000  8114 bytes for ./CDVNotification.bundle/beep.wav
2017-10-02 01:26:28 +0000  copying file ./AppIcon50x50~ipad.png ... 
2017-10-02 01:26:28 +0000  3768 bytes for ./AppIcon50x50~ipad.png
2017-10-02 01:26:28 +0000  copying file ./AppIcon29x29@2x~ipad.png ... 
2017-10-02 01:26:28 +0000  4581 bytes for ./AppIcon29x29@2x~ipad.png
2017-10-02 01:26:28 +0000  copying file ./icon-small@3x.png ... 
2017-10-02 01:26:28 +0000  8231 bytes for ./icon-small@3x.png
2017-10-02 01:26:28 +0000  copying file ./LaunchImage-700-Landscape@2x~ipad.png ... 
2017-10-02 01:26:28 +0000  161722 bytes for ./LaunchImage-700-Landscape@2x~ipad.png
copying file ./AppIcon50x50@2x~ipad.png ... 
2017-10-02 01:26:28 +0000  9091 bytes for ./AppIcon50x50@2x~ipad.png
copying file ./AppIcon40x40~ipad.png ... 
2017-10-02 01:26:28 +0000  2842 bytes for ./AppIcon40x40~ipad.png
2017-10-02 01:26:28 +0000  copying file ./LaunchImage.png ... 
2017-10-02 01:26:28 +0000  26799 bytes for ./LaunchImage.png
2017-10-02 01:26:28 +0000  copying file ./embedded.mobileprovision ... 
2017-10-02 01:26:28 +0000  13732 bytes for ./embedded.mobileprovision
copying file ./LaunchImage-800-Landscape-736h@3x.png ... 
2017-10-02 01:26:28 +0000  63597 bytes for ./LaunchImage-800-Landscape-736h@3x.png
2017-10-02 01:26:28 +0000  copying file ./LaunchImage-700-Portrait@2x~ipad.png ... 
2017-10-02 01:26:28 +0000  176373 bytes for ./LaunchImage-700-Portrait@2x~ipad.png
2017-10-02 01:26:28 +0000  copying file ./LaunchImage-700-Landscape~ipad.png ... 
2017-10-02 01:26:28 +0000  76512 bytes for ./LaunchImage-700-Landscape~ipad.png
copying file ./Info.plist ... 
2017-10-02 01:26:28 +0000  2298 bytes for ./Info.plist
2017-10-02 01:26:28 +0000  copying file ./icon-small@2x.png ... 
2017-10-02 01:26:28 +0000  4581 bytes for ./icon-small@2x.png
2017-10-02 01:26:28 +0000  copying file ./PkgInfo ... 
2017-10-02 01:26:28 +0000  8 bytes for ./PkgInfo
2017-10-02 01:26:28 +0000  copying file ./AppIcon76x76~ipad.png ... 
2017-10-02 01:26:28 +0000  6556 bytes for ./AppIcon76x76~ipad.png
2017-10-02 01:26:28 +0000  2017-10-02 01:26:28 +0000  

2017-10-02 01:26:28 +0000  /usr/bin/ditto exited with 0
2017-10-02 01:26:28 +0000  2017-10-02 01:26:28 +0000  

2017-10-02 01:26:28 +0000  Processing step: IDEDistributionEmbedProfileStep
2017-10-02 01:26:28 +0000  Processing step: IDEDistributionItemRemovalStep
2017-10-02 01:26:28 +0000  Processing step: IDEDistributionAppThinningPlistStep
2017-10-02 01:26:28 +0000  Skipping step: IDEDistributionAppThinningPlistStep because it said so
2017-10-02 01:26:28 +0000  Processing step: IDEDistributionCompileBitcodeStep
2017-10-02 01:26:28 +0000  Skipping step: IDEDistributionCompileBitcodeStep because it said so
2017-10-02 01:26:28 +0000  Processing step: IDEDistributionCodeSlimmingStep
2017-10-02 01:26:28 +0000  Processing step: IDEDistributionCopyBCSymbolMapsStep
2017-10-02 01:26:28 +0000  Processing step: IDEDistributionSymbolsStep
2017-10-02 01:26:28 +0000  Processing symbols for ohakdev.app
2017-10-02 01:26:28 +0000  Running /usr/bin/rsync '-8aPhhE' '/var/folders/sl/l64_jn117x5d7nkvbkrl1s9w0000gn/T/XcodeDistPipeline.G2E/Root/Payload/ohakdev.app' '--link-dest' '/var/folders/sl/l64_jn117x5d7nkvbkrl1s9w0000gn/T/XcodeDistPipeline.G2E/Root/Payload' '/var/folders/sl/l64_jn117x5d7nkvbkrl1s9w0000gn/T/XcodeDistPipeline.G2E'
2017-10-02 01:26:28 +0000  building file list ... 
2017-10-02 01:26:28 +0000   0 files...2017-10-02 01:26:28 +0000   100 files...2017-10-02 01:26:28 +0000   200 files...2017-10-02 01:26:28 +0000  267 files to consider
2017-10-02 01:26:28 +0000  ohakdev.app/
2017-10-02 01:26:28 +0000  ohakdev.app/CDVNotification.bundle/
ohakdev.app/_CodeSignature/
ohakdev.app/www/
ohakdev.app/www/cordova-js-src/
2017-10-02 01:26:28 +0000  ohakdev.app/www/libs/
ohakdev.app/www/libs/evothings/
ohakdev.app/www/libs/evothings/easyble/
ohakdev.app/www/libs/evothings/rfduinoble/
ohakdev.app/www/libs/evothings/ui/
ohakdev.app/www/libs/evothings/util/
ohakdev.app/www/libs/framework7/
ohakdev.app/www/libs/framework7/css/
ohakdev.app/www/libs/framework7/img/
ohakdev.app/www/libs/framework7/js/
ohakdev.app/www/libs/jquery/
ohakdev.app/www/plugins/
ohakdev.app/www/plugins/cordova-plugin-battery-status/
ohakdev.app/www/plugins/cordova-plugin-battery-status/www/
ohakdev.app/www/plugins/cordova-plugin-ble/
ohakdev.app/www/plugins/cordova-plugin-camera/
ohakdev.app/www/plugins/cordova-plugin-camera/www/
ohakdev.app/www/plugins/cordova-plugin-camera/www/ios/
ohakdev.app/www/plugins/cordova-plugin-chrome-apps-common/
ohakdev.app/www/plugins/cordova-plugin-chrome-apps-sockets-tcp/
ohakdev.app/www/plugins/cordova-plugin-chrome-apps-sockets-tcpserver/
ohakdev.app/www/plugins/cordova-plugin-chrome-apps-sockets-udp/
2017-10-02 01:26:28 +0000  ohakdev.app/www/plugins/cordova-plugin-chrome-apps-system-network/
ohakdev.app/www/plugins/cordova-plugin-console/
ohakdev.app/www/plugins/cordova-plugin-console/www/
ohakdev.app/www/plugins/cordova-plugin-device-motion/
ohakdev.app/www/plugins/cordova-plugin-device-motion/www/
ohakdev.app/www/plugins/cordova-plugin-device-orientation/
ohakdev.app/www/plugins/cordova-plugin-device-orientation/www/
ohakdev.app/www/plugins/cordova-plugin-device/
ohakdev.app/www/plugins/cordova-plugin-device/www/
ohakdev.app/www/plugins/cordova-plugin-dialogs/
ohakdev.app/www/plugins/cordova-plugin-dialogs/www/
ohakdev.app/www/plugins/cordova-plugin-file/
ohakdev.app/www/plugins/cordova-plugin-file/www/
ohakdev.app/www/plugins/cordova-plugin-file/www/browser/
ohakdev.app/www/plugins/cordova-plugin-file/www/ios/
ohakdev.app/www/plugins/cordova-plugin-geolocation/
ohakdev.app/www/plugins/cordova-plugin-geolocation/www/
ohakdev.app/www/plugins/cordova-plugin-inappbrowser/
ohakdev.app/www/plugins/cordova-plugin-inappbrowser/www/
ohakdev.app/www/plugins/cordova-plugin-network-information/
2017-10-02 01:26:28 +0000  ohakdev.app/www/plugins/cordova-plugin-network-information/www/
ohakdev.app/www/plugins/cordova-plugin-statusbar/
ohakdev.app/www/plugins/cordova-plugin-statusbar/www/
ohakdev.app/www/plugins/cordova-plugin-vibration/
ohakdev.app/www/plugins/cordova-plugin-vibration/www/
ohakdev.app/www/plugins/de.appplant.cordova.plugin.local-notification/
ohakdev.app/www/plugins/de.appplant.cordova.plugin.local-notification/www/
ohakdev.app/www/res/
ohakdev.app/www/ui/
ohakdev.app/www/ui/css/
ohakdev.app/www/ui/fonts/
ohakdev.app/www/ui/images/
2017-10-02 01:26:28 +0000  
sent 6.88K bytes  received 374 bytes  14.48K bytes/sec
2017-10-02 01:26:28 +0000  total size is 8.94M  speedup is 1263.90
2017-10-02 01:26:28 +0000  
2017-10-02 01:26:28 +0000  
2017-10-02 01:26:28 +0000  
2017-10-02 01:26:28 +0000  
2017-10-02 01:26:28 +0000  
2017-10-02 01:26:28 +0000  
2017-10-02 01:26:28 +0000  
2017-10-02 01:26:28 +0000  
2017-10-02 01:26:28 +0000  2017-10-02 01:26:28 +0000  

2017-10-02 01:26:28 +0000  /usr/bin/rsync exited with 02017-10-02 01:26:28 +0000  

2017-10-02 01:26:28 +0000  
2017-10-02 01:26:28 +0000  Running /usr/bin/rsync '-8aPhhE' '/Users/leifpercifield/Library/Developer/Xcode/Archives/2017-10-01/ohakdev 10-1-17, 9.26 PM.xcarchive/dSYMs/' '--link-dest' '/Users/leifpercifield/Library/Developer/Xcode/Archives/2017-10-01/ohakdev 10-1-17, 9.26 PM.xcarchive/dSYMs/' '/var/folders/sl/l64_jn117x5d7nkvbkrl1s9w0000gn/T/XcodeDistPipeline.G2E'
2017-10-02 01:26:28 +0000  building file list ... 
2017-10-02 01:26:28 +0000   0 files...2017-10-02 01:26:28 +0000  7 files to consider
2017-10-02 01:26:28 +0000  ./
2017-10-02 01:26:28 +0000  ohakdev.app.dSYM/
2017-10-02 01:26:28 +0000  ohakdev.app.dSYM/Contents/
ohakdev.app.dSYM/Contents/Resources/
ohakdev.app.dSYM/Contents/Resources/DWARF/
2017-10-02 01:26:28 +0000  
2017-10-02 01:26:28 +0000  sent 239 bytes  received 50 bytes  578.00 bytes/sec
total size is 4.42M  speedup is 16027.99
2017-10-02 01:26:28 +0000  2017-10-02 01:26:28 +0000  

2017-10-02 01:26:28 +0000  2017-10-02 01:26:28 +0000  

2017-10-02 01:26:28 +0000  
2017-10-02 01:26:28 +0000  
2017-10-02 01:26:28 +0000  2017-10-02 01:26:28 +0000  

2017-10-02 01:26:28 +0000  
2017-10-02 01:26:28 +0000  2017-10-02 01:26:28 +0000  /usr/bin/rsync exited with 0
2017-10-02 01:26:28 +0000  

2017-10-02 01:26:28 +0000  2017-10-02 01:26:28 +0000  

2017-10-02 01:26:28 +0000  Running /Applications/Xcode.app/Contents/Developer/usr/bin/symbols '-noTextInSOD' '-noDaemon' '-arch' 'all' '-symbolsPackageDir' '/var/folders/sl/l64_jn117x5d7nkvbkrl1s9w0000gn/T/XcodeDistPipeline.G2E/Symbols' '/var/folders/sl/l64_jn117x5d7nkvbkrl1s9w0000gn/T/XcodeDistPipeline.G2E/ohakdev.app.dSYM/Contents/Resources/Dwarf/ohakdev'
2017-10-02 01:26:28 +0000  /var/folders/sl/l64_jn117x5d7nkvbkrl1s9w0000gn/T/XcodeDistPipeline.G2E/ohakdev.app.dSYM/Contents/Resources/Dwarf/ohakdev [armv7, 0.104864 seconds]:
/var/folders/sl/l64_jn117x5d7nkvbkrl1s9w0000gn/T/XcodeDistPipeline.G2E/ohakdev.app.dSYM/Contents/Resources/Dwarf/ohakdev [arm64, 0.104864 seconds]:
2017-10-02 01:26:28 +0000  
2017-10-02 01:26:28 +0000  
2017-10-02 01:26:28 +0000  
2017-10-02 01:26:28 +0000  
2017-10-02 01:26:28 +0000  
2017-10-02 01:26:28 +0000  
2017-10-02 01:26:28 +0000  
2017-10-02 01:26:28 +0000  2017-10-02 01:26:28 +0000  

2017-10-02 01:26:28 +0000  /Applications/Xcode.app/Contents/Developer/usr/bin/symbols exited with 02017-10-02 01:26:28 +0000  2017-10-02 01:26:28 +0000  


2017-10-02 01:26:28 +0000  Processing step: IDEDistributionCopyAppleProvidedContentStep
2017-10-02 01:26:28 +0000  Processing step: IDEDistributionAppThinningStep
2017-10-02 01:26:28 +0000  Skipping step: IDEDistributionAppThinningStep because it said so
2017-10-02 01:26:28 +0000  Processing step: IDEDistributionODRStep
2017-10-02 01:26:28 +0000  Processing step: IDEDistributionStripXattrsStep
2017-10-02 01:26:28 +0000  Running /usr/bin/xattr '-cr' '/var/folders/sl/l64_jn117x5d7nkvbkrl1s9w0000gn/T/XcodeDistPipeline.G2E/Root/Payload/ohakdev.app'
2017-10-02 01:26:29 +0000  2017-10-02 01:26:29 +0000  
2017-10-02 01:26:29 +0000  /usr/bin/xattr exited with 0

2017-10-02 01:26:29 +0000  2017-10-02 01:26:29 +0000  Processing step: IDEDistributionCodesignStep

2017-10-02 01:26:29 +0000  Applying entitlements delta for <IDEDistributionItem: 0x7ff56e91a090 'com.openhak.devapp' '<DVTFilePath:0x7ff553d0cb30:'/Users/leifpercifield/Library/Developer/Xcode/Archives/2017-10-01/ohakdev 10-1-17, 9.26 PM.xcarchive/Products/Applications/ohakdev.app'>'> from <IDEiCloudEntitlementsProcessor: 0x7ff56c61ca20>: {
}
2017-10-02 01:26:29 +0000  Entitlements for <IDEDistributionItem: 0x7ff56e91a090 'com.openhak.devapp' '<DVTFilePath:0x7ff553d0cb30:'/Users/leifpercifield/Library/Developer/Xcode/Archives/2017-10-01/ohakdev 10-1-17, 9.26 PM.xcarchive/Products/Applications/ohakdev.app'>'>: {
    "application-identifier" = "Y8BUAV35Q6.com.openhak.devapp";
    "beta-reports-active" = 1;
    "com.apple.developer.team-identifier" = Y8BUAV35Q6;
    "get-task-allow" = 0;
    "keychain-access-groups" =     (
        "Y8BUAV35Q6.com.openhak.devapp"
    );
}
2017-10-02 01:26:29 +0000  Writing entitlements for <IDEDistributionItem: 0x7ff56e91a090 'com.openhak.devapp' '<DVTFilePath:0x7ff553d0cb30:'/Users/leifpercifield/Library/Developer/Xcode/Archives/2017-10-01/ohakdev 10-1-17, 9.26 PM.xcarchive/Products/Applications/ohakdev.app'>'> to: /var/folders/sl/l64_jn117x5d7nkvbkrl1s9w0000gn/T/XcodeDistPipeline.G2E/entitlementsSLYxwx
2017-10-02 01:26:29 +0000  Running /usr/bin/codesign '-vvv' '--force' '--sign' '2E0886EC6D55A66BE0D58D19A5D1ED24A75B9435' '--preserve-metadata=identifier,flags' '--entitlements' '/var/folders/sl/l64_jn117x5d7nkvbkrl1s9w0000gn/T/XcodeDistPipeline.G2E/entitlementsSLYxwx' '/var/folders/sl/l64_jn117x5d7nkvbkrl1s9w0000gn/T/XcodeDistPipeline.G2E/Root/Payload/ohakdev.app'
2017-10-02 01:26:29 +0000  /var/folders/sl/l64_jn117x5d7nkvbkrl1s9w0000gn/T/XcodeDistPipeline.G2E/Root/Payload/ohakdev.app: replacing existing signature
2017-10-02 01:26:29 +0000  /var/folders/sl/l64_jn117x5d7nkvbkrl1s9w0000gn/T/XcodeDistPipeline.G2E/Root/Payload/ohakdev.app: signed app bundle with Mach-O universal (armv7 arm64) [com.openhak.devapp]
2017-10-02 01:26:29 +0000  2017-10-02 01:26:29 +0000  

2017-10-02 01:26:29 +0000  
2017-10-02 01:26:29 +0000  
2017-10-02 01:26:29 +0000  
2017-10-02 01:26:29 +0000  
2017-10-02 01:26:29 +0000  
2017-10-02 01:26:29 +0000  
2017-10-02 01:26:29 +0000  
2017-10-02 01:26:29 +0000  2017-10-02 01:26:29 +0000  /usr/bin/codesign exited with 0
2017-10-02 01:26:29 +0000  

2017-10-02 01:26:29 +0000  
2017-10-02 01:26:29 +0000  Processing step: IDEDistributionStreamingZipItemStep
2017-10-02 01:26:29 +0000  Skipping step: IDEDistributionStreamingZipItemStep because it said so
2017-10-02 01:26:29 +0000  Processing step: IDEDistributionCreateIPAStep
2017-10-02 01:26:29 +0000  Running /usr/bin/rsync '-8aPhhE' '/var/folders/sl/l64_jn117x5d7nkvbkrl1s9w0000gn/T/XcodeDistPipeline.G2E/Symbols' '--link-dest' '/var/folders/sl/l64_jn117x5d7nkvbkrl1s9w0000gn/T/XcodeDistPipeline.G2E' '/var/folders/sl/l64_jn117x5d7nkvbkrl1s9w0000gn/T/XcodeDistPipeline.G2E/Root'
2017-10-02 01:26:29 +0000  building file list ... 
2017-10-02 01:26:29 +0000   0 files...2017-10-02 01:26:29 +0000  3 files to consider
2017-10-02 01:26:29 +0000  Symbols/
2017-10-02 01:26:29 +0000  
2017-10-02 01:26:29 +0000  sent 203 bytes  received 26 bytes  458.00 bytes/sec
total size is 2.07M  speedup is 9469.38
2017-10-02 01:26:29 +0000  2017-10-02 01:26:29 +0000  

2017-10-02 01:26:29 +0000  
2017-10-02 01:26:29 +0000  
2017-10-02 01:26:29 +0000  
2017-10-02 01:26:29 +0000  
2017-10-02 01:26:29 +0000  
2017-10-02 01:26:29 +0000  
2017-10-02 01:26:29 +0000  2017-10-02 01:26:29 +0000  /usr/bin/rsync exited with 0
2017-10-02 01:26:29 +0000  

2017-10-02 01:26:29 +0000  
2017-10-02 01:26:29 +0000  Running /usr/bin/ditto '-V' '-c' '-k' '--norsrc' '/var/folders/sl/l64_jn117x5d7nkvbkrl1s9w0000gn/T/XcodeDistPipeline.G2E/Root' '/var/folders/sl/l64_jn117x5d7nkvbkrl1s9w0000gn/T/XcodeDistPipeline.G2E/Packages/ohakdev.ipa'
2017-10-02 01:26:29 +0000  >>> Copying /var/folders/sl/l64_jn117x5d7nkvbkrl1s9w0000gn/T/XcodeDistPipeline.G2E/Root 
2017-10-02 01:26:29 +0000  copying file ./Payload/ohakdev.app/_CodeSignature/CodeResources ... 
2017-10-02 01:26:29 +0000  70467 bytes for ./Payload/ohakdev.app/_CodeSignature/CodeResources
2017-10-02 01:26:29 +0000  copying file ./Payload/ohakdev.app/LaunchImage@2x.png ... 
2017-10-02 01:26:29 +0000  58383 bytes for ./Payload/ohakdev.app/LaunchImage@2x.png
copying file ./Payload/ohakdev.app/icon.png ... 
2017-10-02 01:26:29 +0000  4425 bytes for ./Payload/ohakdev.app/icon.png
2017-10-02 01:26:29 +0000  copying file ./Payload/ohakdev.app/icon-76@2x.png ... 
2017-10-02 01:26:29 +0000  14811 bytes for ./Payload/ohakdev.app/icon-76@2x.png
2017-10-02 01:26:29 +0000  copying file ./Payload/ohakdev.app/MainViewController.nib ... 
943 bytes for ./Payload/ohakdev.app/MainViewController.nib
2017-10-02 01:26:29 +0000  copying file ./Payload/ohakdev.app/AppIcon57x57.png ... 
2017-10-02 01:26:29 +0000  4425 bytes for ./Payload/ohakdev.app/AppIcon57x57.png
copying file ./Payload/ohakdev.app/icon-40@2x.png ... 
2017-10-02 01:26:29 +0000  6929 bytes for ./Payload/ohakdev.app/icon-40@2x.png
2017-10-02 01:26:29 +0000  copying file ./Payload/ohakdev.app/build-release.xcconfig ... 
2017-10-02 01:26:29 +0000  1031 bytes for ./Payload/ohakdev.app/build-release.xcconfig
copying file ./Payload/ohakdev.app/icon-50@2x.png ... 
2017-10-02 01:26:29 +0000  9091 bytes for ./Payload/ohakdev.app/icon-50@2x.png
2017-10-02 01:26:29 +0000  copying file ./Payload/ohakdev.app/AppIcon29x29.png ... 
2017-10-02 01:26:29 +0000  1935 bytes for ./Payload/ohakdev.app/AppIcon29x29.png
copying file ./Payload/ohakdev.app/icon-83.5@2x.png ... 
2017-10-02 01:26:29 +0000  16568 bytes for ./Payload/ohakdev.app/icon-83.5@2x.png
2017-10-02 01:26:29 +0000  copying file ./Payload/ohakdev.app/build.xcconfig ... 
2017-10-02 01:26:29 +0000  1944 bytes for ./Payload/ohakdev.app/build.xcconfig
copying file ./Payload/ohakdev.app/icon-small.png ... 
2017-10-02 01:26:29 +0000  1935 bytes for ./Payload/ohakdev.app/icon-small.png
copying file ./Payload/ohakdev.app/LaunchImage-568h@2x.png ... 
2017-10-02 01:26:29 +0000  59456 bytes for ./Payload/ohakdev.app/LaunchImage-568h@2x.png
2017-10-02 01:26:29 +0000  copying file ./Payload/ohakdev.app/icon-60@3x.png ... 
2017-10-02 01:26:29 +0000  18218 bytes for ./Payload/ohakdev.app/icon-60@3x.png
2017-10-02 01:26:29 +0000  copying file ./Payload/ohakdev.app/ohakdev ... 
2017-10-02 01:26:29 +0000  1552336 bytes for ./Payload/ohakdev.app/ohakdev
copying file ./Payload/ohakdev.app/AppIcon60x60@2x.png ... 
2017-10-02 01:26:29 +0000  11193 bytes for ./Payload/ohakdev.app/AppIcon60x60@2x.png
2017-10-02 01:26:29 +0000  copying file ./Payload/ohakdev.app/AppIcon72x72@2x~ipad.png ... 
2017-10-02 01:26:29 +0000  13806 bytes for ./Payload/ohakdev.app/AppIcon72x72@2x~ipad.png
copying file ./Payload/ohakdev.app/icon-76.png ... 
2017-10-02 01:26:29 +0000  6556 bytes for ./Payload/ohakdev.app/icon-76.png
copying file ./Payload/ohakdev.app/icon-60.png ... 
2017-10-02 01:26:29 +0000  4793 bytes for ./Payload/ohakdev.app/icon-60.png
2017-10-02 01:26:29 +0000  copying file ./Payload/ohakdev.app/AppIcon29x29@2x.png ... 
2017-10-02 01:26:29 +0000  4581 bytes for ./Payload/ohakdev.app/AppIcon29x29@2x.png
copying file ./Payload/ohakdev.app/LaunchImage-800-667h@2x.png ... 
2017-10-02 01:26:29 +0000  76064 bytes for ./Payload/ohakdev.app/LaunchImage-800-667h@2x.png
copying file ./Payload/ohakdev.app/LaunchImage-Portrait@2x~ipad.png ... 
2017-10-02 01:26:29 +0000  176373 bytes for ./Payload/ohakdev.app/LaunchImage-Portrait@2x~ipad.png
copying file ./Payload/ohakdev.app/AppIcon40x40@3x.png ... 
2017-10-02 01:26:29 +0000  11193 bytes for ./Payload/ohakdev.app/AppIcon40x40@3x.png
2017-10-02 01:26:29 +0000  copying file ./Payload/ohakdev.app/AppIcon57x57@2x.png ... 
2017-10-02 01:26:29 +0000  10530 bytes for ./Payload/ohakdev.app/AppIcon57x57@2x.png
2017-10-02 01:26:29 +0000  copying file ./Payload/ohakdev.app/AppIcon29x29~ipad.png ... 
2017-10-02 01:26:29 +0000  1935 bytes for ./Payload/ohakdev.app/AppIcon29x29~ipad.png
copying file ./Payload/ohakdev.app/AppIcon40x40@2x.png ... 
2017-10-02 01:26:29 +0000  6929 bytes for ./Payload/ohakdev.app/AppIcon40x40@2x.png
2017-10-02 01:26:29 +0000  copying file ./Payload/ohakdev.app/LaunchImage-Portrait~ipad.png ... 
2017-10-02 01:26:29 +0000  75952 bytes for ./Payload/ohakdev.app/LaunchImage-Portrait~ipad.png
2017-10-02 01:26:29 +0000  copying file ./Payload/ohakdev.app/AppIcon29x29@3x.png ... 
2017-10-02 01:26:29 +0000  9082 bytes for ./Payload/ohakdev.app/AppIcon29x29@3x.png
copying file ./Payload/ohakdev.app/icon-72.png ... 
2017-10-02 01:26:29 +0000  6182 bytes for ./Payload/ohakdev.app/icon-72.png
2017-10-02 01:26:29 +0000  copying file ./Payload/ohakdev.app/AppIcon60x60@3x.png ... 
2017-10-02 01:26:29 +0000  18218 bytes for ./Payload/ohakdev.app/AppIcon60x60@3x.png
2017-10-02 01:26:29 +0000  copying file ./Payload/ohakdev.app/build-debug.xcconfig ... 
2017-10-02 01:26:29 +0000  971 bytes for ./Payload/ohakdev.app/build-debug.xcconfig
copying file ./Payload/ohakdev.app/icon-72@2x.png ... 
2017-10-02 01:26:29 +0000  13806 bytes for ./Payload/ohakdev.app/icon-72@2x.png
2017-10-02 01:26:29 +0000  copying file ./Payload/ohakdev.app/config.xml ... 
2017-10-02 01:26:29 +0000  5945 bytes for ./Payload/ohakdev.app/config.xml
2017-10-02 01:26:29 +0000  copying file ./Payload/ohakdev.app/www/ui/css/evothings-app.css ... 
2017-10-02 01:26:29 +0000  15599 bytes for ./Payload/ohakdev.app/www/ui/css/evothings-app.css
2017-10-02 01:26:29 +0000  copying file ./Payload/ohakdev.app/www/ui/css/test.css ... 
2017-10-02 01:26:29 +0000  15989 bytes for ./Payload/ohakdev.app/www/ui/css/test.css
2017-10-02 01:26:29 +0000  copying file ./Payload/ohakdev.app/www/ui/images/ohak_icon.svg ... 
2017-10-02 01:26:29 +0000  6217 bytes for ./Payload/ohakdev.app/www/ui/images/ohak_icon.svg
2017-10-02 01:26:29 +0000  copying file ./Payload/ohakdev.app/www/ui/images/arrow-right.svg ... 
2017-10-02 01:26:29 +0000  873 bytes for ./Payload/ohakdev.app/www/ui/images/arrow-right.svg
copying file ./Payload/ohakdev.app/www/ui/images/arrow-left.svg ... 
2017-10-02 01:26:29 +0000  870 bytes for ./Payload/ohakdev.app/www/ui/images/arrow-left.svg
copying file ./Payload/ohakdev.app/www/ui/images/logo.svg ... 
2017-10-02 01:26:29 +0000  2737 bytes for ./Payload/ohakdev.app/www/ui/images/logo.svg
2017-10-02 01:26:29 +0000  copying file ./Payload/ohakdev.app/www/ui/images/menu.svg ... 
2017-10-02 01:26:29 +0000  1556 bytes for ./Payload/ohakdev.app/www/ui/images/menu.svg
copying file ./Payload/ohakdev.app/www/ui/fonts/ProximaNova-Black-webfont.ttf ... 
2017-10-02 01:26:29 +0000  28888 bytes for ./Payload/ohakdev.app/www/ui/fonts/ProximaNova-Black-webfont.ttf
2017-10-02 01:26:29 +0000  copying file ./Payload/ohakdev.app/www/ui/fonts/ProximaNova-Reg-webfont.eot ... 
2017-10-02 01:26:29 +0000  13193 bytes for ./Payload/ohakdev.app/www/ui/fonts/ProximaNova-Reg-webfont.eot
2017-10-02 01:26:29 +0000  copying file ./Payload/ohakdev.app/www/ui/fonts/ProximaNova-Black-webfont.eot ... 
2017-10-02 01:26:29 +0000  12174 bytes for ./Payload/ohakdev.app/www/ui/fonts/ProximaNova-Black-webfont.eot
2017-10-02 01:26:29 +0000  copying file ./Payload/ohakdev.app/www/ui/fonts/ProximaNova-Bold-webfont.woff ... 
2017-10-02 01:26:29 +0000  14992 bytes for ./Payload/ohakdev.app/www/ui/fonts/ProximaNova-Bold-webfont.woff
2017-10-02 01:26:29 +0000  copying file ./Payload/ohakdev.app/www/ui/fonts/ProximaNova-Bold-webfont.svg ... 
2017-10-02 01:26:29 +0000  36849 bytes for ./Payload/ohakdev.app/www/ui/fonts/ProximaNova-Bold-webfont.svg
copying file ./Payload/ohakdev.app/www/ui/fonts/ProximaNova-Reg-webfont.ttf ... 
2017-10-02 01:26:29 +0000  30308 bytes for ./Payload/ohakdev.app/www/ui/fonts/ProximaNova-Reg-webfont.ttf
2017-10-02 01:26:29 +0000  copying file ./Payload/ohakdev.app/www/ui/fonts/ProximaNova-Reg-webfont.woff ... 
2017-10-02 01:26:29 +0000  15008 bytes for ./Payload/ohakdev.app/www/ui/fonts/ProximaNova-Reg-webfont.woff
2017-10-02 01:26:29 +0000  copying file ./Payload/ohakdev.app/www/ui/fonts/ProximaNova-Black-webfont.svg ... 
2017-10-02 01:26:29 +0000  36227 bytes for ./Payload/ohakdev.app/www/ui/fonts/ProximaNova-Black-webfont.svg
copying file ./Payload/ohakdev.app/www/ui/fonts/ProximaNova-Bold-webfont.eot ... 
2017-10-02 01:26:29 +0000  13226 bytes for ./Payload/ohakdev.app/www/ui/fonts/ProximaNova-Bold-webfont.eot
2017-10-02 01:26:29 +0000  copying file ./Payload/ohakdev.app/www/ui/fonts/ProximaNova-Black-webfont.woff ... 
2017-10-02 01:26:29 +0000  13924 bytes for ./Payload/ohakdev.app/www/ui/fonts/ProximaNova-Black-webfont.woff
2017-10-02 01:26:29 +0000  copying file ./Payload/ohakdev.app/www/ui/fonts/ProximaNova-Reg-webfont.svg ... 
2017-10-02 01:26:29 +0000  37310 bytes for ./Payload/ohakdev.app/www/ui/fonts/ProximaNova-Reg-webfont.svg
2017-10-02 01:26:29 +0000  copying file ./Payload/ohakdev.app/www/ui/fonts/ProximaNova.css ... 
1942 bytes for ./Payload/ohakdev.app/www/ui/fonts/ProximaNova.css
2017-10-02 01:26:29 +0000  copying file ./Payload/ohakdev.app/www/ui/fonts/ProximaNova-Bold-webfont.ttf ... 
2017-10-02 01:26:29 +0000  30280 bytes for ./Payload/ohakdev.app/www/ui/fonts/ProximaNova-Bold-webfont.ttf
2017-10-02 01:26:29 +0000  copying file ./Payload/ohakdev.app/www/res/promo-graphic-180x120.png ... 
2017-10-02 01:26:29 +0000  10010 bytes for ./Payload/ohakdev.app/www/res/promo-graphic-180x120.png
2017-10-02 01:26:29 +0000  copying file ./Payload/ohakdev.app/www/res/icon-512x512.png ... 
2017-10-02 01:26:29 +0000  15924 bytes for ./Payload/ohakdev.app/www/res/icon-512x512.png
2017-10-02 01:26:29 +0000  copying file ./Payload/ohakdev.app/www/res/screenshot1.png ... 
2017-10-02 01:26:29 +0000  29209 bytes for ./Payload/ohakdev.app/www/res/screenshot1.png
2017-10-02 01:26:29 +0000  copying file ./Payload/ohakdev.app/www/res/screenshot2.png ... 
2017-10-02 01:26:29 +0000  29209 bytes for ./Payload/ohakdev.app/www/res/screenshot2.png
2017-10-02 01:26:29 +0000  copying file ./Payload/ohakdev.app/www/res/feature-graphic-1024x500.png ... 
2017-10-02 01:26:29 +0000  62011 bytes for ./Payload/ohakdev.app/www/res/feature-graphic-1024x500.png
2017-10-02 01:26:29 +0000  copying file ./Payload/ohakdev.app/www/index.html ... 
2017-10-02 01:26:29 +0000  12860 bytes for ./Payload/ohakdev.app/www/index.html
2017-10-02 01:26:29 +0000  copying file ./Payload/ohakdev.app/www/cordova.js ... 
2017-10-02 01:26:29 +0000  59947 bytes for ./Payload/ohakdev.app/www/cordova.js
2017-10-02 01:26:29 +0000  copying file ./Payload/ohakdev.app/www/plugins/cordova-plugin-file/www/requestFileSystem.js ... 
2017-10-02 01:26:29 +0000  3221 bytes for ./Payload/ohakdev.app/www/plugins/cordova-plugin-file/www/requestFileSystem.js
2017-10-02 01:26:29 +0000  copying file ./Payload/ohakdev.app/www/plugins/cordova-plugin-file/www/DirectoryEntry.js ... 
2017-10-02 01:26:29 +0000  4671 bytes for ./Payload/ohakdev.app/www/plugins/cordova-plugin-file/www/DirectoryEntry.js
copying file ./Payload/ohakdev.app/www/plugins/cordova-plugin-file/www/FileSystem.js ... 
2017-10-02 01:26:29 +0000  1956 bytes for ./Payload/ohakdev.app/www/plugins/cordova-plugin-file/www/FileSystem.js
copying file ./Payload/ohakdev.app/www/plugins/cordova-plugin-file/www/Flags.js ... 
2017-10-02 01:26:29 +0000  1335 bytes for ./Payload/ohakdev.app/www/plugins/cordova-plugin-file/www/Flags.js
copying file ./Payload/ohakdev.app/www/plugins/cordova-plugin-file/www/fileSystemPaths.js ... 
2017-10-02 01:26:29 +0000  2547 bytes for ./Payload/ohakdev.app/www/plugins/cordova-plugin-file/www/fileSystemPaths.js
2017-10-02 01:26:29 +0000  copying file ./Payload/ohakdev.app/www/plugins/cordova-plugin-file/www/FileEntry.js ... 
2017-10-02 01:26:29 +0000  3418 bytes for ./Payload/ohakdev.app/www/plugins/cordova-plugin-file/www/FileEntry.js
copying file ./Payload/ohakdev.app/www/plugins/cordova-plugin-file/www/fileSystems.js ... 
2017-10-02 01:26:29 +0000  1046 bytes for ./Payload/ohakdev.app/www/plugins/cordova-plugin-file/www/fileSystems.js
copying file ./Payload/ohakdev.app/www/plugins/cordova-plugin-file/www/DirectoryReader.js ... 
2017-10-02 01:26:29 +0000  2729 bytes for ./Payload/ohakdev.app/www/plugins/cordova-plugin-file/www/DirectoryReader.js
copying file ./Payload/ohakdev.app/www/plugins/cordova-plugin-file/www/Metadata.js ... 
2017-10-02 01:26:29 +0000  1485 bytes for ./Payload/ohakdev.app/www/plugins/cordova-plugin-file/www/Metadata.js
2017-10-02 01:26:29 +0000  copying file ./Payload/ohakdev.app/www/plugins/cordova-plugin-file/www/ios/FileSystem.js ... 
1184 bytes for ./Payload/ohakdev.app/www/plugins/cordova-plugin-file/www/ios/FileSystem.js
2017-10-02 01:26:29 +0000  copying file ./Payload/ohakdev.app/www/plugins/cordova-plugin-file/www/browser/isChrome.js ... 
2017-10-02 01:26:29 +0000  1232 bytes for ./Payload/ohakdev.app/www/plugins/cordova-plugin-file/www/browser/isChrome.js
copying file ./Payload/ohakdev.app/www/plugins/cordova-plugin-file/www/LocalFileSystem.js ... 
2017-10-02 01:26:29 +0000  957 bytes for ./Payload/ohakdev.app/www/plugins/cordova-plugin-file/www/LocalFileSystem.js
copying file ./Payload/ohakdev.app/www/plugins/cordova-plugin-file/www/FileReader.js ... 
2017-10-02 01:26:29 +0000  10431 bytes for ./Payload/ohakdev.app/www/plugins/cordova-plugin-file/www/FileReader.js
2017-10-02 01:26:29 +0000  copying file ./Payload/ohakdev.app/www/plugins/cordova-plugin-file/www/fileSystems-roots.js ... 
2017-10-02 01:26:29 +0000  1597 bytes for ./Payload/ohakdev.app/www/plugins/cordova-plugin-file/www/fileSystems-roots.js
copying file ./Payload/ohakdev.app/www/plugins/cordova-plugin-file/www/FileUploadOptions.js ... 
2017-10-02 01:26:29 +0000  1830 bytes for ./Payload/ohakdev.app/www/plugins/cordova-plugin-file/www/FileUploadOptions.js
copying file ./Payload/ohakdev.app/www/plugins/cordova-plugin-file/www/FileWriter.js ... 
2017-10-02 01:26:29 +0000  10427 bytes for ./Payload/ohakdev.app/www/plugins/cordova-plugin-file/www/FileWriter.js
2017-10-02 01:26:29 +0000  copying file ./Payload/ohakdev.app/www/plugins/cordova-plugin-file/www/FileError.js ... 
2017-10-02 01:26:29 +0000  1480 bytes for ./Payload/ohakdev.app/www/plugins/cordova-plugin-file/www/FileError.js
copying file ./Payload/ohakdev.app/www/plugins/cordova-plugin-file/www/FileUploadResult.js ... 
2017-10-02 01:26:29 +0000  1101 bytes for ./Payload/ohakdev.app/www/plugins/cordova-plugin-file/www/FileUploadResult.js
copying file ./Payload/ohakdev.app/www/plugins/cordova-plugin-file/www/ProgressEvent.js ... 
2017-10-02 01:26:29 +0000  2581 bytes for ./Payload/ohakdev.app/www/plugins/cordova-plugin-file/www/ProgressEvent.js
copying file ./Payload/ohakdev.app/www/plugins/cordova-plugin-file/www/File.js ... 
2017-10-02 01:26:29 +0000  2712 bytes for ./Payload/ohakdev.app/www/plugins/cordova-plugin-file/www/File.js
copying file ./Payload/ohakdev.app/www/plugins/cordova-plugin-file/www/resolveLocalFileSystemURI.js ... 
2017-10-02 01:26:29 +0000  4228 bytes for ./Payload/ohakdev.app/www/plugins/cordova-plugin-file/www/resolveLocalFileSystemURI.js
2017-10-02 01:26:29 +0000  copying file ./Payload/ohakdev.app/www/plugins/cordova-plugin-file/www/Entry.js ... 
2017-10-02 01:26:29 +0000  9933 bytes for ./Payload/ohakdev.app/www/plugins/cordova-plugin-file/www/Entry.js
2017-10-02 01:26:29 +0000  copying file ./Payload/ohakdev.app/www/plugins/cordova-plugin-chrome-apps-system-network/system.network.js ... 
2017-10-02 01:26:29 +0000  458 bytes for ./Payload/ohakdev.app/www/plugins/cordova-plugin-chrome-apps-system-network/system.network.js
2017-10-02 01:26:29 +0000  copying file ./Payload/ohakdev.app/www/plugins/cordova-plugin-inappbrowser/www/inappbrowser.js ... 
2017-10-02 01:26:29 +0000  4417 bytes for ./Payload/ohakdev.app/www/plugins/cordova-plugin-inappbrowser/www/inappbrowser.js
2017-10-02 01:26:29 +0000  copying file ./Payload/ohakdev.app/www/plugins/cordova-plugin-device/www/device.js ... 
2017-10-02 01:26:29 +0000  3062 bytes for ./Payload/ohakdev.app/www/plugins/cordova-plugin-device/www/device.js
2017-10-02 01:26:29 +0000  copying file ./Payload/ohakdev.app/www/plugins/cordova-plugin-geolocation/www/geolocation.js ... 
2017-10-02 01:26:29 +0000  8629 bytes for ./Payload/ohakdev.app/www/plugins/cordova-plugin-geolocation/www/geolocation.js
2017-10-02 01:26:29 +0000  copying file ./Payload/ohakdev.app/www/plugins/cordova-plugin-geolocation/www/PositionError.js ... 
2017-10-02 01:26:29 +0000  1376 bytes for ./Payload/ohakdev.app/www/plugins/cordova-plugin-geolocation/www/PositionError.js
copying file ./Payload/ohakdev.app/www/plugins/cordova-plugin-geolocation/www/Coordinates.js ... 
2017-10-02 01:26:29 +0000  2075 bytes for ./Payload/ohakdev.app/www/plugins/cordova-plugin-geolocation/www/Coordinates.js
copying file ./Payload/ohakdev.app/www/plugins/cordova-plugin-geolocation/www/Position.js ... 
2017-10-02 01:26:29 +0000  1358 bytes for ./Payload/ohakdev.app/www/plugins/cordova-plugin-geolocation/www/Position.js
2017-10-02 01:26:29 +0000  copying file ./Payload/ohakdev.app/www/plugins/cordova-plugin-device-orientation/www/CompassError.js ... 
2017-10-02 01:26:29 +0000  1239 bytes for ./Payload/ohakdev.app/www/plugins/cordova-plugin-device-orientation/www/CompassError.js
copying file ./Payload/ohakdev.app/www/plugins/cordova-plugin-device-orientation/www/CompassHeading.js ... 
2017-10-02 01:26:29 +0000  1222 bytes for ./Payload/ohakdev.app/www/plugins/cordova-plugin-device-orientation/www/CompassHeading.js
copying file ./Payload/ohakdev.app/www/plugins/cordova-plugin-device-orientation/www/compass.js ... 
2017-10-02 01:26:29 +0000  5111 bytes for ./Payload/ohakdev.app/www/plugins/cordova-plugin-device-orientation/www/compass.js
2017-10-02 01:26:29 +0000  copying file ./Payload/ohakdev.app/www/plugins/cordova-plugin-chrome-apps-sockets-tcp/sockets.tcp.js ... 
2017-10-02 01:26:29 +0000  7258 bytes for ./Payload/ohakdev.app/www/plugins/cordova-plugin-chrome-apps-sockets-tcp/sockets.tcp.js
2017-10-02 01:26:29 +0000  copying file ./Payload/ohakdev.app/www/plugins/cordova-plugin-ble/ble.js ... 
2017-10-02 01:26:29 +0000  63838 bytes for ./Payload/ohakdev.app/www/plugins/cordova-plugin-ble/ble.js
2017-10-02 01:26:29 +0000  copying file ./Payload/ohakdev.app/www/plugins/cordova-plugin-console/www/logger.js ... 
2017-10-02 01:26:29 +0000  10323 bytes for ./Payload/ohakdev.app/www/plugins/cordova-plugin-console/www/logger.js
2017-10-02 01:26:29 +0000  copying file ./Payload/ohakdev.app/www/plugins/cordova-plugin-console/www/console-via-logger.js ... 
2017-10-02 01:26:29 +0000  6896 bytes for ./Payload/ohakdev.app/www/plugins/cordova-plugin-console/www/console-via-logger.js
copying file ./Payload/ohakdev.app/www/plugins/cordova-plugin-vibration/www/vibration.js ... 
2017-10-02 01:26:29 +0000  5460 bytes for ./Payload/ohakdev.app/www/plugins/cordova-plugin-vibration/www/vibration.js
2017-10-02 01:26:29 +0000  copying file ./Payload/ohakdev.app/www/plugins/cordova-plugin-chrome-apps-common/events.js ... 
2017-10-02 01:26:29 +0000  1954 bytes for ./Payload/ohakdev.app/www/plugins/cordova-plugin-chrome-apps-common/events.js
copying file ./Payload/ohakdev.app/www/plugins/cordova-plugin-chrome-apps-common/errors.js ... 
2017-10-02 01:26:29 +0000  1086 bytes for ./Payload/ohakdev.app/www/plugins/cordova-plugin-chrome-apps-common/errors.js
copying file ./Payload/ohakdev.app/www/plugins/cordova-plugin-chrome-apps-common/helpers.js ... 
2017-10-02 01:26:29 +0000  2312 bytes for ./Payload/ohakdev.app/www/plugins/cordova-plugin-chrome-apps-common/helpers.js
2017-10-02 01:26:29 +0000  copying file ./Payload/ohakdev.app/www/plugins/cordova-plugin-chrome-apps-common/stubs.js ... 
477 bytes for ./Payload/ohakdev.app/www/plugins/cordova-plugin-chrome-apps-common/stubs.js
2017-10-02 01:26:29 +0000  copying file ./Payload/ohakdev.app/www/plugins/cordova-plugin-network-information/www/Connection.js ... 
2017-10-02 01:26:29 +0000  1163 bytes for ./Payload/ohakdev.app/www/plugins/cordova-plugin-network-information/www/Connection.js
copying file ./Payload/ohakdev.app/www/plugins/cordova-plugin-network-information/www/network.js ... 
2017-10-02 01:26:29 +0000  3360 bytes for ./Payload/ohakdev.app/www/plugins/cordova-plugin-network-information/www/network.js
2017-10-02 01:26:29 +0000  copying file ./Payload/ohakdev.app/www/plugins/cordova-plugin-device-motion/www/Acceleration.js ... 
2017-10-02 01:26:29 +0000  1107 bytes for ./Payload/ohakdev.app/www/plugins/cordova-plugin-device-motion/www/Acceleration.js
copying file ./Payload/ohakdev.app/www/plugins/cordova-plugin-device-motion/www/accelerometer.js ... 
2017-10-02 01:26:29 +0000  6878 bytes for ./Payload/ohakdev.app/www/plugins/cordova-plugin-device-motion/www/accelerometer.js
2017-10-02 01:26:29 +0000  copying file ./Payload/ohakdev.app/www/plugins/cordova-plugin-dialogs/www/notification.js ... 
2017-10-02 01:26:29 +0000  5999 bytes for ./Payload/ohakdev.app/www/plugins/cordova-plugin-dialogs/www/notification.js
2017-10-02 01:26:29 +0000  copying file ./Payload/ohakdev.app/www/plugins/cordova-plugin-chrome-apps-sockets-tcpserver/sockets.tcpServer.js ... 
2017-10-02 01:26:29 +0000  3125 bytes for ./Payload/ohakdev.app/www/plugins/cordova-plugin-chrome-apps-sockets-tcpserver/sockets.tcpServer.js
copying file ./Payload/ohakdev.app/www/plugins/cordova-plugin-chrome-apps-sockets-udp/sockets.udp.js ... 
2017-10-02 01:26:29 +0000  6704 bytes for ./Payload/ohakdev.app/www/plugins/cordova-plugin-chrome-apps-sockets-udp/sockets.udp.js
2017-10-02 01:26:29 +0000  copying file ./Payload/ohakdev.app/www/plugins/cordova-plugin-camera/www/CameraPopoverOptions.js ... 
2017-10-02 01:26:29 +0000  2297 bytes for ./Payload/ohakdev.app/www/plugins/cordova-plugin-camera/www/CameraPopoverOptions.js
2017-10-02 01:26:29 +0000  copying file ./Payload/ohakdev.app/www/plugins/cordova-plugin-camera/www/ios/CameraPopoverHandle.js ... 
2017-10-02 01:26:29 +0000  2269 bytes for ./Payload/ohakdev.app/www/plugins/cordova-plugin-camera/www/ios/CameraPopoverHandle.js
copying file ./Payload/ohakdev.app/www/plugins/cordova-plugin-camera/www/CameraConstants.js ... 
2017-10-02 01:26:29 +0000  3297 bytes for ./Payload/ohakdev.app/www/plugins/cordova-plugin-camera/www/CameraConstants.js
copying file ./Payload/ohakdev.app/www/plugins/cordova-plugin-camera/www/Camera.js ... 
2017-10-02 01:26:29 +0000  8006 bytes for ./Payload/ohakdev.app/www/plugins/cordova-plugin-camera/www/Camera.js
2017-10-02 01:26:29 +0000  copying file ./Payload/ohakdev.app/www/plugins/de.appplant.cordova.plugin.local-notification/www/local-notification.js ... 
2017-10-02 01:26:29 +0000  10291 bytes for ./Payload/ohakdev.app/www/plugins/de.appplant.cordova.plugin.local-notification/www/local-notification.js
2017-10-02 01:26:29 +0000  copying file ./Payload/ohakdev.app/www/plugins/de.appplant.cordova.plugin.local-notification/www/local-notification-core.js ... 
2017-10-02 01:26:29 +0000  13091 bytes for ./Payload/ohakdev.app/www/plugins/de.appplant.cordova.plugin.local-notification/www/local-notification-core.js
2017-10-02 01:26:29 +0000  copying file ./Payload/ohakdev.app/www/plugins/de.appplant.cordova.plugin.local-notification/www/local-notification-util.js ... 
2017-10-02 01:26:29 +0000  7895 bytes for ./Payload/ohakdev.app/www/plugins/de.appplant.cordova.plugin.local-notification/www/local-notification-util.js
2017-10-02 01:26:29 +0000  copying file ./Payload/ohakdev.app/www/plugins/cordova-plugin-battery-status/www/battery.js ... 
2017-10-02 01:26:29 +0000  4027 bytes for ./Payload/ohakdev.app/www/plugins/cordova-plugin-battery-status/www/battery.js
2017-10-02 01:26:29 +0000  copying file ./Payload/ohakdev.app/www/plugins/cordova-plugin-statusbar/www/statusbar.js ... 
2017-10-02 01:26:29 +0000  3376 bytes for ./Payload/ohakdev.app/www/plugins/cordova-plugin-statusbar/www/statusbar.js
2017-10-02 01:26:29 +0000  copying file ./Payload/ohakdev.app/www/libs/jquery/VERSION ... 
2017-10-02 01:26:29 +0000  20 bytes for ./Payload/ohakdev.app/www/libs/jquery/VERSION
copying file ./Payload/ohakdev.app/www/libs/jquery/app-icon.png ... 
2017-10-02 01:26:29 +0000  3379 bytes for ./Payload/ohakdev.app/www/libs/jquery/app-icon.png
copying file ./Payload/ohakdev.app/www/libs/jquery/evothings.json ... 
2017-10-02 01:26:29 +0000  391 bytes for ./Payload/ohakdev.app/www/libs/jquery/evothings.json
copying file ./Payload/ohakdev.app/www/libs/jquery/version.txt ... 
2017-10-02 01:26:29 +0000  20 bytes for ./Payload/ohakdev.app/www/libs/jquery/version.txt
copying file ./Payload/ohakdev.app/www/libs/jquery/jquery.js ... 
2017-10-02 01:26:29 +0000  84245 bytes for ./Payload/ohakdev.app/www/libs/jquery/jquery.js
2017-10-02 01:26:29 +0000  copying file ./Payload/ohakdev.app/www/libs/framework7/css/framework7.ios.colors.css ... 
2017-10-02 01:26:29 +0000  87129 bytes for ./Payload/ohakdev.app/www/libs/framework7/css/framework7.ios.colors.css
copying file ./Payload/ohakdev.app/www/libs/framework7/css/my-app.css ... 
2017-10-02 01:26:29 +0000  0 bytes for ./Payload/ohakdev.app/www/libs/framework7/css/my-app.css
copying file ./Payload/ohakdev.app/www/libs/framework7/css/framework7.ios.rtl.css ... 
2017-10-02 01:26:29 +0000  24748 bytes for ./Payload/ohakdev.app/www/libs/framework7/css/framework7.ios.rtl.css
2017-10-02 01:26:29 +0000  copying file ./Payload/ohakdev.app/www/libs/framework7/css/framework7.material.rtl.css ... 
2017-10-02 01:26:29 +0000  39868 bytes for ./Payload/ohakdev.app/www/libs/framework7/css/framework7.material.rtl.css
2017-10-02 01:26:29 +0000  copying file ./Payload/ohakdev.app/www/libs/framework7/css/framework7.ios.rtl.min.css ... 
2017-10-02 01:26:29 +0000  22803 bytes for ./Payload/ohakdev.app/www/libs/framework7/css/framework7.ios.rtl.min.css
2017-10-02 01:26:29 +0000  copying file ./Payload/ohakdev.app/www/libs/framework7/css/framework7.ios.min.css ... 
2017-10-02 01:26:29 +0000  145559 bytes for ./Payload/ohakdev.app/www/libs/framework7/css/framework7.ios.min.css
2017-10-02 01:26:29 +0000  copying file ./Payload/ohakdev.app/www/libs/framework7/css/framework7.material.colors.min.css ... 
2017-10-02 01:26:29 +0000  333827 bytes for ./Payload/ohakdev.app/www/libs/framework7/css/framework7.material.colors.min.css
copying file ./Payload/ohakdev.app/www/libs/framework7/css/framework7.ios.css ... 
2017-10-02 01:26:29 +0000  171276 bytes for ./Payload/ohakdev.app/www/libs/framework7/css/framework7.ios.css
2017-10-02 01:26:29 +0000  copying file ./Payload/ohakdev.app/www/libs/framework7/css/framework7.ios.colors.min.css ... 
2017-10-02 01:26:29 +0000  81618 bytes for ./Payload/ohakdev.app/www/libs/framework7/css/framework7.ios.colors.min.css
copying file ./Payload/ohakdev.app/www/libs/framework7/css/framework7.material.rtl.min.css ... 
2017-10-02 01:26:29 +0000  38230 bytes for ./Payload/ohakdev.app/www/libs/framework7/css/framework7.material.rtl.min.css
2017-10-02 01:26:29 +0000  copying file ./Payload/ohakdev.app/www/libs/framework7/css/framework7.material.min.css ... 
2017-10-02 01:26:29 +0000  157699 bytes for ./Payload/ohakdev.app/www/libs/framework7/css/framework7.material.min.css
copying file ./Payload/ohakdev.app/www/libs/framework7/css/framework7.material.colors.css ... 
2017-10-02 01:26:29 +0000  352870 bytes for ./Payload/ohakdev.app/www/libs/framework7/css/framework7.material.colors.css
copying file ./Payload/ohakdev.app/www/libs/framework7/css/framework7.material.css ... 
2017-10-02 01:26:29 +0000  186078 bytes for ./Payload/ohakdev.app/www/libs/framework7/css/framework7.material.css
2017-10-02 01:26:29 +0000  copying file ./Payload/ohakdev.app/www/libs/framework7/js/framework7.min.js.map ... 
2017-10-02 01:26:29 +0000  1141223 bytes for ./Payload/ohakdev.app/www/libs/framework7/js/framework7.min.js.map
copying file ./Payload/ohakdev.app/www/libs/framework7/js/my-app.js ... 
2017-10-02 01:26:29 +0000  1666 bytes for ./Payload/ohakdev.app/www/libs/framework7/js/my-app.js
copying file ./Payload/ohakdev.app/www/libs/framework7/js/framework7.js ... 
2017-10-02 01:26:29 +0000  771745 bytes for ./Payload/ohakdev.app/www/libs/framework7/js/framework7.js
copying file ./Payload/ohakdev.app/www/libs/framework7/js/framework7.js.map ... 
2017-10-02 01:26:29 +0000  874678 bytes for ./Payload/ohakdev.app/www/libs/framework7/js/framework7.js.map
2017-10-02 01:26:29 +0000  copying file ./Payload/ohakdev.app/www/libs/framework7/js/framework7.min.js ... 
2017-10-02 01:26:29 +0000  291538 bytes for ./Payload/ohakdev.app/www/libs/framework7/js/framework7.min.js
2017-10-02 01:26:29 +0000  copying file ./Payload/ohakdev.app/www/libs/framework7/img/i-form-settings-material.svg ... 
468 bytes for ./Payload/ohakdev.app/www/libs/framework7/img/i-form-settings-material.svg
2017-10-02 01:26:29 +0000  copying file ./Payload/ohakdev.app/www/libs/framework7/img/i-form-calendar-material.svg ... 
300 bytes for ./Payload/ohakdev.app/www/libs/framework7/img/i-form-calendar-material.svg
copying file ./Payload/ohakdev.app/www/libs/framework7/img/i-form-password-material.svg ... 
2017-10-02 01:26:29 +0000  410 bytes for ./Payload/ohakdev.app/www/libs/framework7/img/i-form-password-material.svg
copying file ./Payload/ohakdev.app/www/libs/framework7/img/i-form-password-ios.svg ... 
2017-10-02 01:26:29 +0000  1453 bytes for ./Payload/ohakdev.app/www/libs/framework7/img/i-form-password-ios.svg
2017-10-02 01:26:29 +0000  copying file ./Payload/ohakdev.app/www/libs/framework7/img/i-form-name-material.svg ... 
410 bytes for ./Payload/ohakdev.app/www/libs/framework7/img/i-form-name-material.svg
copying file ./Payload/ohakdev.app/www/libs/framework7/img/i-form-comment-ios.svg ... 
2017-10-02 01:26:29 +0000  1480 bytes for ./Payload/ohakdev.app/www/libs/framework7/img/i-form-comment-ios.svg
copying file ./Payload/ohakdev.app/www/libs/framework7/img/i-form-name-ios.svg ... 
2017-10-02 01:26:29 +0000  1736 bytes for ./Payload/ohakdev.app/www/libs/framework7/img/i-form-name-ios.svg
2017-10-02 01:26:29 +0000  copying file ./Payload/ohakdev.app/www/libs/framework7/img/i-form-url-material.svg ... 
2017-10-02 01:26:29 +0000  973 bytes for ./Payload/ohakdev.app/www/libs/framework7/img/i-form-url-material.svg
copying file ./Payload/ohakdev.app/www/libs/framework7/img/i-form-tel-ios.svg ... 
2017-10-02 01:26:29 +0000  1958 bytes for ./Payload/ohakdev.app/www/libs/framework7/img/i-form-tel-ios.svg
copying file ./Payload/ohakdev.app/www/libs/framework7/img/i-form-toggle-ios.svg ... 
2017-10-02 01:26:29 +0000  522 bytes for ./Payload/ohakdev.app/www/libs/framework7/img/i-form-toggle-ios.svg
copying file ./Payload/ohakdev.app/www/libs/framework7/img/i-f7-material.png ... 
2017-10-02 01:26:29 +0000  8995 bytes for ./Payload/ohakdev.app/www/libs/framework7/img/i-f7-material.png
2017-10-02 01:26:29 +0000  copying file ./Payload/ohakdev.app/www/libs/framework7/img/i-form-settings-ios.svg ... 
1593 bytes for ./Payload/ohakdev.app/www/libs/framework7/img/i-form-settings-ios.svg
copying file ./Payload/ohakdev.app/www/libs/framework7/img/i-form-url-ios.svg ... 
2017-10-02 01:26:29 +0000  5562 bytes for ./Payload/ohakdev.app/www/libs/framework7/img/i-form-url-ios.svg
2017-10-02 01:26:29 +0000  copying file ./Payload/ohakdev.app/www/libs/framework7/img/i-form-gender-material.svg ... 
737 bytes for ./Payload/ohakdev.app/www/libs/framework7/img/i-form-gender-material.svg
copying file ./Payload/ohakdev.app/www/libs/framework7/img/i-form-calendar-ios.svg ... 
2017-10-02 01:26:29 +0000  1094 bytes for ./Payload/ohakdev.app/www/libs/framework7/img/i-form-calendar-ios.svg
2017-10-02 01:26:29 +0000  copying file ./Payload/ohakdev.app/www/libs/framework7/img/i-form-tel-material.svg ... 
404 bytes for ./Payload/ohakdev.app/www/libs/framework7/img/i-form-tel-material.svg
copying file ./Payload/ohakdev.app/www/libs/framework7/img/i-form-comment-material.svg ... 
2017-10-02 01:26:29 +0000  253 bytes for ./Payload/ohakdev.app/www/libs/framework7/img/i-form-comment-material.svg
copying file ./Payload/ohakdev.app/www/libs/framework7/img/i-f7-ios.png ... 
2017-10-02 01:26:29 +0000  7289 bytes for ./Payload/ohakdev.app/www/libs/framework7/img/i-f7-ios.png
copying file ./Payload/ohakdev.app/www/libs/framework7/img/i-form-email-ios.svg ... 
2017-10-02 01:26:29 +0000  789 bytes for ./Payload/ohakdev.app/www/libs/framework7/img/i-form-email-ios.svg
copying file ./Payload/ohakdev.app/www/libs/framework7/img/i-form-email-material.svg ... 
2017-10-02 01:26:29 +0000  273 bytes for ./Payload/ohakdev.app/www/libs/framework7/img/i-form-email-material.svg
2017-10-02 01:26:29 +0000  copying file ./Payload/ohakdev.app/www/libs/framework7/img/i-form-toggle-material.svg ... 
414 bytes for ./Payload/ohakdev.app/www/libs/framework7/img/i-form-toggle-material.svg
2017-10-02 01:26:29 +0000  copying file ./Payload/ohakdev.app/www/libs/framework7/img/i-form-gender-ios.svg ... 
2017-10-02 01:26:29 +0000  871 bytes for ./Payload/ohakdev.app/www/libs/framework7/img/i-form-gender-ios.svg
copying file ./Payload/ohakdev.app/www/libs/framework7/install.js ... 
2017-10-02 01:26:29 +0000  1437 bytes for ./Payload/ohakdev.app/www/libs/framework7/install.js
2017-10-02 01:26:29 +0000  copying file ./Payload/ohakdev.app/www/libs/framework7/app-icon.png ... 
2017-10-02 01:26:29 +0000  57181 bytes for ./Payload/ohakdev.app/www/libs/framework7/app-icon.png
2017-10-02 01:26:29 +0000  copying file ./Payload/ohakdev.app/www/libs/framework7/evothings.json ... 
230 bytes for ./Payload/ohakdev.app/www/libs/framework7/evothings.json
copying file ./Payload/ohakdev.app/www/libs/framework7/uninstall.js ... 
2017-10-02 01:26:29 +0000  1181 bytes for ./Payload/ohakdev.app/www/libs/framework7/uninstall.js
2017-10-02 01:26:29 +0000  copying file ./Payload/ohakdev.app/www/libs/evothings/ui/ui.js ... 
2017-10-02 01:26:29 +0000  1024 bytes for ./Payload/ohakdev.app/www/libs/evothings/ui/ui.js
copying file ./Payload/ohakdev.app/www/libs/evothings/ui/fastclick.js ... 
2017-10-02 01:26:29 +0000  25965 bytes for ./Payload/ohakdev.app/www/libs/evothings/ui/fastclick.js
2017-10-02 01:26:29 +0000  copying file ./Payload/ohakdev.app/www/libs/evothings/util/util.js ... 
2017-10-02 01:26:29 +0000  6033 bytes for ./Payload/ohakdev.app/www/libs/evothings/util/util.js
copying file ./Payload/ohakdev.app/www/libs/evothings/evothings.js ... 
2017-10-02 01:26:29 +0000  6310 bytes for ./Payload/ohakdev.app/www/libs/evothings/evothings.js
2017-10-02 01:26:29 +0000  copying file ./Payload/ohakdev.app/www/libs/evothings/easyble/easyble.js ... 
2017-10-02 01:26:29 +0000  37152 bytes for ./Payload/ohakdev.app/www/libs/evothings/easyble/easyble.js
2017-10-02 01:26:29 +0000  copying file ./Payload/ohakdev.app/www/libs/evothings/rfduinoble/rfduinoble.js ... 
2017-10-02 01:26:29 +0000  6819 bytes for ./Payload/ohakdev.app/www/libs/evothings/rfduinoble/rfduinoble.js
2017-10-02 01:26:29 +0000  copying file ./Payload/ohakdev.app/www/libs/evothings/version-1.2.0 ... 
89 bytes for ./Payload/ohakdev.app/www/libs/evothings/version-1.2.0
2017-10-02 01:26:29 +0000  copying file ./Payload/ohakdev.app/www/cordova-js-src/exec.js ... 
2017-10-02 01:26:29 +0000  8651 bytes for ./Payload/ohakdev.app/www/cordova-js-src/exec.js
2017-10-02 01:26:29 +0000  copying file ./Payload/ohakdev.app/www/cordova-js-src/platform.js ... 
2017-10-02 01:26:29 +0000  943 bytes for ./Payload/ohakdev.app/www/cordova-js-src/platform.js
copying file ./Payload/ohakdev.app/www/cordova_plugins.js ... 
2017-10-02 01:26:29 +0000  14710 bytes for ./Payload/ohakdev.app/www/cordova_plugins.js
2017-10-02 01:26:29 +0000  copying file ./Payload/ohakdev.app/www/evothings.json ... 
1731 bytes for ./Payload/ohakdev.app/www/evothings.json
2017-10-02 01:26:29 +0000  copying file ./Payload/ohakdev.app/icon-60@2x.png ... 
2017-10-02 01:26:29 +0000  11193 bytes for ./Payload/ohakdev.app/icon-60@2x.png
2017-10-02 01:26:29 +0000  copying file ./Payload/ohakdev.app/archived-expanded-entitlements.xcent ... 
374 bytes for ./Payload/ohakdev.app/archived-expanded-entitlements.xcent
2017-10-02 01:26:29 +0000  copying file ./Payload/ohakdev.app/icon@2x.png ... 
2017-10-02 01:26:29 +0000  10530 bytes for ./Payload/ohakdev.app/icon@2x.png
2017-10-02 01:26:29 +0000  copying file ./Payload/ohakdev.app/LaunchImage-700-Portrait~ipad.png ... 
2017-10-02 01:26:29 +0000  75952 bytes for ./Payload/ohakdev.app/LaunchImage-700-Portrait~ipad.png
2017-10-02 01:26:29 +0000  copying file ./Payload/ohakdev.app/Assets.car ... 
2017-10-02 01:26:29 +0000  266728 bytes for ./Payload/ohakdev.app/Assets.car
copying file ./Payload/ohakdev.app/AppIcon40x40@2x~ipad.png ... 
2017-10-02 01:26:29 +0000  6929 bytes for ./Payload/ohakdev.app/AppIcon40x40@2x~ipad.png
2017-10-02 01:26:29 +0000  copying file ./Payload/ohakdev.app/icon-167.png ... 
2017-10-02 01:26:29 +0000  16568 bytes for ./Payload/ohakdev.app/icon-167.png
2017-10-02 01:26:29 +0000  copying file ./Payload/ohakdev.app/AppIcon76x76@2x~ipad.png ... 
2017-10-02 01:26:29 +0000  14811 bytes for ./Payload/ohakdev.app/AppIcon76x76@2x~ipad.png
2017-10-02 01:26:29 +0000  copying file ./Payload/ohakdev.app/LaunchImage-800-Portrait-736h@3x.png ... 
2017-10-02 01:26:29 +0000  146517 bytes for ./Payload/ohakdev.app/LaunchImage-800-Portrait-736h@3x.png
copying file ./Payload/ohakdev.app/icon-40.png ... 
2017-10-02 01:26:29 +0000  2842 bytes for ./Payload/ohakdev.app/icon-40.png
copying file ./Payload/ohakdev.app/icon-50.png ... 
2017-10-02 01:26:29 +0000  3768 bytes for ./Payload/ohakdev.app/icon-50.png
2017-10-02 01:26:29 +0000  copying file ./Payload/ohakdev.app/AppIcon72x72~ipad.png ... 
2017-10-02 01:26:29 +0000  6182 bytes for ./Payload/ohakdev.app/AppIcon72x72~ipad.png
2017-10-02 01:26:29 +0000  copying file ./Payload/ohakdev.app/LaunchImage-700@2x.png ... 
2017-10-02 01:26:29 +0000  58383 bytes for ./Payload/ohakdev.app/LaunchImage-700@2x.png
copying file ./Payload/ohakdev.app/LaunchImage-700-568h@2x.png ... 
2017-10-02 01:26:29 +0000  59456 bytes for ./Payload/ohakdev.app/LaunchImage-700-568h@2x.png
2017-10-02 01:26:29 +0000  copying file ./Payload/ohakdev.app/CDVNotification.bundle/beep.wav ... 
2017-10-02 01:26:29 +0000  8114 bytes for ./Payload/ohakdev.app/CDVNotification.bundle/beep.wav
2017-10-02 01:26:29 +0000  copying file ./Payload/ohakdev.app/AppIcon50x50~ipad.png ... 
2017-10-02 01:26:29 +0000  3768 bytes for ./Payload/ohakdev.app/AppIcon50x50~ipad.png
copying file ./Payload/ohakdev.app/AppIcon29x29@2x~ipad.png ... 
2017-10-02 01:26:29 +0000  4581 bytes for ./Payload/ohakdev.app/AppIcon29x29@2x~ipad.png
2017-10-02 01:26:29 +0000  copying file ./Payload/ohakdev.app/icon-small@3x.png ... 
2017-10-02 01:26:29 +0000  8231 bytes for ./Payload/ohakdev.app/icon-small@3x.png
2017-10-02 01:26:29 +0000  copying file ./Payload/ohakdev.app/LaunchImage-700-Landscape@2x~ipad.png ... 
2017-10-02 01:26:29 +0000  161722 bytes for ./Payload/ohakdev.app/LaunchImage-700-Landscape@2x~ipad.png
2017-10-02 01:26:29 +0000  copying file ./Payload/ohakdev.app/AppIcon50x50@2x~ipad.png ... 
2017-10-02 01:26:29 +0000  9091 bytes for ./Payload/ohakdev.app/AppIcon50x50@2x~ipad.png
copying file ./Payload/ohakdev.app/AppIcon40x40~ipad.png ... 
2017-10-02 01:26:29 +0000  2842 bytes for ./Payload/ohakdev.app/AppIcon40x40~ipad.png
copying file ./Payload/ohakdev.app/LaunchImage.png ... 
2017-10-02 01:26:29 +0000  26799 bytes for ./Payload/ohakdev.app/LaunchImage.png
2017-10-02 01:26:29 +0000  copying file ./Payload/ohakdev.app/embedded.mobileprovision ... 
2017-10-02 01:26:29 +0000  9407 bytes for ./Payload/ohakdev.app/embedded.mobileprovision
copying file ./Payload/ohakdev.app/LaunchImage-800-Landscape-736h@3x.png ... 
2017-10-02 01:26:29 +0000  63597 bytes for ./Payload/ohakdev.app/LaunchImage-800-Landscape-736h@3x.png
copying file ./Payload/ohakdev.app/LaunchImage-700-Portrait@2x~ipad.png ... 
2017-10-02 01:26:29 +0000  176373 bytes for ./Payload/ohakdev.app/LaunchImage-700-Portrait@2x~ipad.png
copying file ./Payload/ohakdev.app/LaunchImage-700-Landscape~ipad.png ... 
2017-10-02 01:26:29 +0000  76512 bytes for ./Payload/ohakdev.app/LaunchImage-700-Landscape~ipad.png
copying file ./Payload/ohakdev.app/Info.plist ... 
2017-10-02 01:26:29 +0000  2298 bytes for ./Payload/ohakdev.app/Info.plist
copying file ./Payload/ohakdev.app/icon-small@2x.png ... 
2017-10-02 01:26:29 +0000  4581 bytes for ./Payload/ohakdev.app/icon-small@2x.png
copying file ./Payload/ohakdev.app/PkgInfo ... 
2017-10-02 01:26:29 +0000  8 bytes for ./Payload/ohakdev.app/PkgInfo
copying file ./Payload/ohakdev.app/AppIcon76x76~ipad.png ... 
2017-10-02 01:26:29 +0000  6556 bytes for ./Payload/ohakdev.app/AppIcon76x76~ipad.png
2017-10-02 01:26:29 +0000  copying file ./Symbols/A03489A3-4E69-38DF-8ADF-C988A14D96F2.symbols ... 
2017-10-02 01:26:29 +0000  1199784 bytes for ./Symbols/A03489A3-4E69-38DF-8ADF-C988A14D96F2.symbols
copying file ./Symbols/3E61F8DC-7C15-3B12-AD49-8836D5F99953.symbols ... 
2017-10-02 01:26:29 +0000  968704 bytes for ./Symbols/3E61F8DC-7C15-3B12-AD49-8836D5F99953.symbols
2017-10-02 01:26:29 +0000  
2017-10-02 01:26:29 +0000  2017-10-02 01:26:29 +0000  /usr/bin/ditto exited with 0

2017-10-02 01:26:29 +0000  2017-10-02 01:26:29 +0000  

2017-10-02 01:26:29 +0000  Processing step: IDEDistributionCreateManifestStep
2017-10-02 01:26:29 +0000  Skipping step: IDEDistributionCreateManifestStep because it said so
